<?xml version="1.0" encoding="UTF-8"?>
<testng-results ignored="0" total="1" passed="1" failed="0" skipped="0">
  <reporter-output>
  </reporter-output>
  <suite started-at="2021-11-22T23:12:50 CST" name="Default suite" finished-at="2021-11-22T23:14:01 CST" duration-ms="70420">
    <groups>
      <group name="cucumber">
        <method signature="AbstractTestNGCucumberTests.runScenario(io.cucumber.testng.PickleWrapper,io.cucumber.testng.FeatureWrapper)[pri:0, instance:runner.Runner@36328d33]" name="runScenario" class="io.cucumber.testng.AbstractTestNGCucumberTests"/>
      </group> <!-- cucumber -->
    </groups>
    <test started-at="2021-11-22T23:12:50 CST" name="Default test" finished-at="2021-11-22T23:14:01 CST" duration-ms="70420">
      <class name="runner.Runner">
        <test-method is-config="true" signature="clearDBBeforeTest()[pri:0, instance:runner.Runner@36328d33]" started-at="2021-11-22T23:12:50 CST" name="clearDBBeforeTest" finished-at="2021-11-22T23:12:50 CST" duration-ms="291" status="PASS">
          <reporter-output>
          </reporter-output>
        </test-method> <!-- clearDBBeforeTest -->
        <test-method is-config="true" signature="setUpClass()[pri:0, instance:runner.Runner@36328d33]" started-at="2021-11-22T23:12:50 CST" name="setUpClass" finished-at="2021-11-22T23:12:52 CST" duration-ms="2310" status="PASS">
          <reporter-output>
          </reporter-output>
        </test-method> <!-- setUpClass -->
        <test-method signature="runScenario(io.cucumber.testng.PickleWrapper,io.cucumber.testng.FeatureWrapper)[pri:0, instance:runner.Runner@36328d33]" started-at="2021-11-22T23:12:53 CST" name="runScenario" description="Runs Cucumber Scenarios" data-provider="scenarios" finished-at="2021-11-22T23:13:58 CST" duration-ms="65687" status="PASS">
          <params>
            <param index="0">
              <value>
                <![CDATA["Delete a Cache"]]>
              </value>
            </param>
            <param index="1">
              <value>
                <![CDATA["Optional[Manage Caches]"]]>
              </value>
            </param>
          </params>
          <reporter-output>
          </reporter-output>
        </test-method> <!-- runScenario -->
        <test-method is-config="true" signature="tearDownClass()[pri:0, instance:runner.Runner@36328d33]" started-at="2021-11-22T23:13:58 CST" name="tearDownClass" finished-at="2021-11-22T23:14:01 CST" duration-ms="2223" status="PASS">
          <reporter-output>
          </reporter-output>
        </test-method> <!-- tearDownClass -->
        <test-method is-config="true" signature="clearDBBeforeTest()[pri:0, instance:runner.Runner@36328d33]" started-at="2021-11-22T23:14:01 CST" name="clearDBBeforeTest" finished-at="2021-11-22T23:14:01 CST" duration-ms="52" status="PASS">
          <reporter-output>
          </reporter-output>
        </test-method> <!-- clearDBBeforeTest -->
      </class> <!-- runner.Runner -->
    </test> <!-- Default test -->
  </suite> <!-- Default suite -->
</testng-results>
