<?xml version="1.0" encoding="UTF-8"?>
<testng-results ignored="0" total="108" passed="96" failed="12" skipped="0">
  <reporter-output>
  </reporter-output>
  <suite started-at="2021-10-15T04:52:15 CDT" name="Default suite" finished-at="2021-10-15T05:27:41 CDT" duration-ms="2126293">
    <groups>
      <group name="cucumber">
        <method signature="AbstractTestNGCucumberTests.runScenario(io.cucumber.testng.PickleWrapper,io.cucumber.testng.FeatureWrapper)[pri:0, instance:runner.Runner@c94fd30]" name="runScenario" class="io.cucumber.testng.AbstractTestNGCucumberTests"/>
      </group> <!-- cucumber -->
    </groups>
    <test started-at="2021-10-15T04:52:15 CDT" name="Default test" finished-at="2021-10-15T05:27:41 CDT" duration-ms="2126293">
      <class name="runner.Runner">
        <test-method is-config="true" signature="clearDBBeforeTest()[pri:0, instance:runner.Runner@c94fd30]" started-at="2021-10-15T04:52:15 CDT" name="clearDBBeforeTest" finished-at="2021-10-15T04:52:15 CDT" duration-ms="348" status="PASS">
          <reporter-output>
          </reporter-output>
        </test-method> <!-- clearDBBeforeTest -->
        <test-method is-config="true" signature="setUpClass()[pri:0, instance:runner.Runner@c94fd30]" started-at="2021-10-15T04:52:15 CDT" name="setUpClass" finished-at="2021-10-15T04:52:19 CDT" duration-ms="3945" status="PASS">
          <reporter-output>
          </reporter-output>
        </test-method> <!-- setUpClass -->
        <test-method signature="runScenario(io.cucumber.testng.PickleWrapper,io.cucumber.testng.FeatureWrapper)[pri:0, instance:runner.Runner@c94fd30]" started-at="2021-10-15T04:52:19 CDT" name="runScenario" description="Runs Cucumber Scenarios" data-provider="scenarios" finished-at="2021-10-15T04:52:31 CDT" duration-ms="12124" status="PASS">
          <params>
            <param index="0">
              <value>
                <![CDATA["Login to Connect with invalid Username and invalid Password"]]>
              </value>
            </param>
            <param index="1">
              <value>
                <![CDATA["Optional[Connect Login Feature]"]]>
              </value>
            </param>
          </params>
          <reporter-output>
          </reporter-output>
        </test-method> <!-- runScenario -->
        <test-method signature="runScenario(io.cucumber.testng.PickleWrapper,io.cucumber.testng.FeatureWrapper)[pri:0, instance:runner.Runner@c94fd30]" started-at="2021-10-15T04:52:32 CDT" name="runScenario" description="Runs Cucumber Scenarios" data-provider="scenarios" finished-at="2021-10-15T04:52:40 CDT" duration-ms="8190" status="PASS">
          <params>
            <param index="0">
              <value>
                <![CDATA["Login to Connect with valid Username and Password"]]>
              </value>
            </param>
            <param index="1">
              <value>
                <![CDATA["Optional[Connect Login Feature]"]]>
              </value>
            </param>
          </params>
          <reporter-output>
          </reporter-output>
        </test-method> <!-- runScenario -->
        <test-method signature="runScenario(io.cucumber.testng.PickleWrapper,io.cucumber.testng.FeatureWrapper)[pri:0, instance:runner.Runner@c94fd30]" started-at="2021-10-15T04:52:40 CDT" name="runScenario" description="Runs Cucumber Scenarios" data-provider="scenarios" finished-at="2021-10-15T04:52:48 CDT" duration-ms="8203" status="PASS">
          <params>
            <param index="0">
              <value>
                <![CDATA["Verify Logout option"]]>
              </value>
            </param>
            <param index="1">
              <value>
                <![CDATA["Optional[Connect Login Feature]"]]>
              </value>
            </param>
          </params>
          <reporter-output>
          </reporter-output>
        </test-method> <!-- runScenario -->
        <test-method signature="runScenario(io.cucumber.testng.PickleWrapper,io.cucumber.testng.FeatureWrapper)[pri:0, instance:runner.Runner@c94fd30]" started-at="2021-10-15T04:52:48 CDT" name="runScenario" description="Runs Cucumber Scenarios" data-provider="scenarios" finished-at="2021-10-15T04:52:58 CDT" duration-ms="9728" status="PASS">
          <params>
            <param index="0">
              <value>
                <![CDATA["Verify Single SSO with Endeavour"]]>
              </value>
            </param>
            <param index="1">
              <value>
                <![CDATA["Optional[Connect Login Feature]"]]>
              </value>
            </param>
          </params>
          <reporter-output>
          </reporter-output>
        </test-method> <!-- runScenario -->
        <test-method signature="runScenario(io.cucumber.testng.PickleWrapper,io.cucumber.testng.FeatureWrapper)[pri:0, instance:runner.Runner@c94fd30]" started-at="2021-10-15T04:52:58 CDT" name="runScenario" description="Runs Cucumber Scenarios" data-provider="scenarios" finished-at="2021-10-15T04:53:06 CDT" duration-ms="7796" status="PASS">
          <params>
            <param index="0">
              <value>
                <![CDATA["Login to Endeavour with valid credentials"]]>
              </value>
            </param>
            <param index="1">
              <value>
                <![CDATA["Optional[Connect Login Feature]"]]>
              </value>
            </param>
          </params>
          <reporter-output>
          </reporter-output>
        </test-method> <!-- runScenario -->
        <test-method signature="runScenario(io.cucumber.testng.PickleWrapper,io.cucumber.testng.FeatureWrapper)[pri:0, instance:runner.Runner@c94fd30]" started-at="2021-10-15T04:53:06 CDT" name="runScenario" description="Runs Cucumber Scenarios" data-provider="scenarios" finished-at="2021-10-15T04:53:14 CDT" duration-ms="8554" status="PASS">
          <params>
            <param index="0">
              <value>
                <![CDATA["Add a Company"]]>
              </value>
            </param>
            <param index="1">
              <value>
                <![CDATA["Optional[Add,Edit,Enable,Disable,Export Companies records]"]]>
              </value>
            </param>
          </params>
          <reporter-output>
          </reporter-output>
        </test-method> <!-- runScenario -->
        <test-method signature="runScenario(io.cucumber.testng.PickleWrapper,io.cucumber.testng.FeatureWrapper)[pri:0, instance:runner.Runner@c94fd30]" started-at="2021-10-15T04:53:14 CDT" name="runScenario" description="Runs Cucumber Scenarios" data-provider="scenarios" finished-at="2021-10-15T04:53:23 CDT" duration-ms="8567" status="PASS">
          <params>
            <param index="0">
              <value>
                <![CDATA["Search a Company"]]>
              </value>
            </param>
            <param index="1">
              <value>
                <![CDATA["Optional[Add,Edit,Enable,Disable,Export Companies records]"]]>
              </value>
            </param>
          </params>
          <reporter-output>
          </reporter-output>
        </test-method> <!-- runScenario -->
        <test-method signature="runScenario(io.cucumber.testng.PickleWrapper,io.cucumber.testng.FeatureWrapper)[pri:0, instance:runner.Runner@c94fd30]" started-at="2021-10-15T04:53:23 CDT" name="runScenario" description="Runs Cucumber Scenarios" data-provider="scenarios" finished-at="2021-10-15T04:53:36 CDT" duration-ms="13534" status="PASS">
          <params>
            <param index="0">
              <value>
                <![CDATA["Disable a Company"]]>
              </value>
            </param>
            <param index="1">
              <value>
                <![CDATA["Optional[Add,Edit,Enable,Disable,Export Companies records]"]]>
              </value>
            </param>
          </params>
          <reporter-output>
          </reporter-output>
        </test-method> <!-- runScenario -->
        <test-method signature="runScenario(io.cucumber.testng.PickleWrapper,io.cucumber.testng.FeatureWrapper)[pri:0, instance:runner.Runner@c94fd30]" started-at="2021-10-15T04:53:36 CDT" name="runScenario" description="Runs Cucumber Scenarios" data-provider="scenarios" finished-at="2021-10-15T04:53:46 CDT" duration-ms="9446" status="PASS">
          <params>
            <param index="0">
              <value>
                <![CDATA["Enable a Company"]]>
              </value>
            </param>
            <param index="1">
              <value>
                <![CDATA["Optional[Add,Edit,Enable,Disable,Export Companies records]"]]>
              </value>
            </param>
          </params>
          <reporter-output>
          </reporter-output>
        </test-method> <!-- runScenario -->
        <test-method signature="runScenario(io.cucumber.testng.PickleWrapper,io.cucumber.testng.FeatureWrapper)[pri:0, instance:runner.Runner@c94fd30]" started-at="2021-10-15T04:53:46 CDT" name="runScenario" description="Runs Cucumber Scenarios" data-provider="scenarios" finished-at="2021-10-15T04:53:56 CDT" duration-ms="9914" status="PASS">
          <params>
            <param index="0">
              <value>
                <![CDATA["Edit a Company"]]>
              </value>
            </param>
            <param index="1">
              <value>
                <![CDATA["Optional[Add,Edit,Enable,Disable,Export Companies records]"]]>
              </value>
            </param>
          </params>
          <reporter-output>
          </reporter-output>
        </test-method> <!-- runScenario -->
        <test-method signature="runScenario(io.cucumber.testng.PickleWrapper,io.cucumber.testng.FeatureWrapper)[pri:0, instance:runner.Runner@c94fd30]" started-at="2021-10-15T04:53:56 CDT" name="runScenario" description="Runs Cucumber Scenarios" data-provider="scenarios" finished-at="2021-10-15T04:54:07 CDT" duration-ms="11611" status="PASS">
          <params>
            <param index="0">
              <value>
                <![CDATA["Export Company records to XML file"]]>
              </value>
            </param>
            <param index="1">
              <value>
                <![CDATA["Optional[Add,Edit,Enable,Disable,Export Companies records]"]]>
              </value>
            </param>
          </params>
          <reporter-output>
          </reporter-output>
        </test-method> <!-- runScenario -->
        <test-method signature="runScenario(io.cucumber.testng.PickleWrapper,io.cucumber.testng.FeatureWrapper)[pri:0, instance:runner.Runner@c94fd30]" started-at="2021-10-15T04:54:07 CDT" name="runScenario" description="Runs Cucumber Scenarios" data-provider="scenarios" finished-at="2021-10-15T04:54:16 CDT" duration-ms="8645" status="PASS">
          <params>
            <param index="0">
              <value>
                <![CDATA["Add a Responsibility"]]>
              </value>
            </param>
            <param index="1">
              <value>
                <![CDATA["Optional[Add,Search,Edit,Enable,Disable,Export responsibilities]"]]>
              </value>
            </param>
          </params>
          <reporter-output>
          </reporter-output>
        </test-method> <!-- runScenario -->
        <test-method signature="runScenario(io.cucumber.testng.PickleWrapper,io.cucumber.testng.FeatureWrapper)[pri:0, instance:runner.Runner@c94fd30]" started-at="2021-10-15T04:54:16 CDT" name="runScenario" description="Runs Cucumber Scenarios" data-provider="scenarios" finished-at="2021-10-15T04:54:24 CDT" duration-ms="8110" status="PASS">
          <params>
            <param index="0">
              <value>
                <![CDATA["Search a Responsibility"]]>
              </value>
            </param>
            <param index="1">
              <value>
                <![CDATA["Optional[Add,Search,Edit,Enable,Disable,Export responsibilities]"]]>
              </value>
            </param>
          </params>
          <reporter-output>
          </reporter-output>
        </test-method> <!-- runScenario -->
        <test-method signature="runScenario(io.cucumber.testng.PickleWrapper,io.cucumber.testng.FeatureWrapper)[pri:0, instance:runner.Runner@c94fd30]" started-at="2021-10-15T04:54:24 CDT" name="runScenario" description="Runs Cucumber Scenarios" data-provider="scenarios" finished-at="2021-10-15T04:54:39 CDT" duration-ms="15532" status="PASS">
          <params>
            <param index="0">
              <value>
                <![CDATA["Disable a Responsibility bility"]]>
              </value>
            </param>
            <param index="1">
              <value>
                <![CDATA["Optional[Add,Search,Edit,Enable,Disable,Export responsibilities]"]]>
              </value>
            </param>
          </params>
          <reporter-output>
          </reporter-output>
        </test-method> <!-- runScenario -->
        <test-method signature="runScenario(io.cucumber.testng.PickleWrapper,io.cucumber.testng.FeatureWrapper)[pri:0, instance:runner.Runner@c94fd30]" started-at="2021-10-15T04:54:39 CDT" name="runScenario" description="Runs Cucumber Scenarios" data-provider="scenarios" finished-at="2021-10-15T04:54:48 CDT" duration-ms="8846" status="PASS">
          <params>
            <param index="0">
              <value>
                <![CDATA["Enable a Responsibility"]]>
              </value>
            </param>
            <param index="1">
              <value>
                <![CDATA["Optional[Add,Search,Edit,Enable,Disable,Export responsibilities]"]]>
              </value>
            </param>
          </params>
          <reporter-output>
          </reporter-output>
        </test-method> <!-- runScenario -->
        <test-method signature="runScenario(io.cucumber.testng.PickleWrapper,io.cucumber.testng.FeatureWrapper)[pri:0, instance:runner.Runner@c94fd30]" started-at="2021-10-15T04:54:48 CDT" name="runScenario" description="Runs Cucumber Scenarios" data-provider="scenarios" finished-at="2021-10-15T04:54:57 CDT" duration-ms="9143" status="PASS">
          <params>
            <param index="0">
              <value>
                <![CDATA["Edit a Responsibility"]]>
              </value>
            </param>
            <param index="1">
              <value>
                <![CDATA["Optional[Add,Search,Edit,Enable,Disable,Export responsibilities]"]]>
              </value>
            </param>
          </params>
          <reporter-output>
          </reporter-output>
        </test-method> <!-- runScenario -->
        <test-method signature="runScenario(io.cucumber.testng.PickleWrapper,io.cucumber.testng.FeatureWrapper)[pri:0, instance:runner.Runner@c94fd30]" started-at="2021-10-15T04:54:58 CDT" name="runScenario" description="Runs Cucumber Scenarios" data-provider="scenarios" finished-at="2021-10-15T04:55:18 CDT" duration-ms="20812" status="PASS">
          <params>
            <param index="0">
              <value>
                <![CDATA["Add a Role"]]>
              </value>
            </param>
            <param index="1">
              <value>
                <![CDATA["Optional[Add,Search,Edit,Enable,Disable Roles]"]]>
              </value>
            </param>
          </params>
          <reporter-output>
          </reporter-output>
        </test-method> <!-- runScenario -->
        <test-method signature="runScenario(io.cucumber.testng.PickleWrapper,io.cucumber.testng.FeatureWrapper)[pri:0, instance:runner.Runner@c94fd30]" started-at="2021-10-15T04:55:18 CDT" name="runScenario" description="Runs Cucumber Scenarios" data-provider="scenarios" finished-at="2021-10-15T04:55:35 CDT" duration-ms="16811" status="PASS">
          <params>
            <param index="0">
              <value>
                <![CDATA["Search a Role"]]>
              </value>
            </param>
            <param index="1">
              <value>
                <![CDATA["Optional[Add,Search,Edit,Enable,Disable Roles]"]]>
              </value>
            </param>
          </params>
          <reporter-output>
          </reporter-output>
        </test-method> <!-- runScenario -->
        <test-method signature="runScenario(io.cucumber.testng.PickleWrapper,io.cucumber.testng.FeatureWrapper)[pri:0, instance:runner.Runner@c94fd30]" started-at="2021-10-15T04:55:35 CDT" name="runScenario" description="Runs Cucumber Scenarios" data-provider="scenarios" finished-at="2021-10-15T04:55:49 CDT" duration-ms="13635" status="PASS">
          <params>
            <param index="0">
              <value>
                <![CDATA["Disable a Role"]]>
              </value>
            </param>
            <param index="1">
              <value>
                <![CDATA["Optional[Add,Search,Edit,Enable,Disable Roles]"]]>
              </value>
            </param>
          </params>
          <reporter-output>
          </reporter-output>
        </test-method> <!-- runScenario -->
        <test-method signature="runScenario(io.cucumber.testng.PickleWrapper,io.cucumber.testng.FeatureWrapper)[pri:0, instance:runner.Runner@c94fd30]" started-at="2021-10-15T04:55:49 CDT" name="runScenario" description="Runs Cucumber Scenarios" data-provider="scenarios" finished-at="2021-10-15T04:55:58 CDT" duration-ms="8936" status="PASS">
          <params>
            <param index="0">
              <value>
                <![CDATA["Enable a Role"]]>
              </value>
            </param>
            <param index="1">
              <value>
                <![CDATA["Optional[Add,Search,Edit,Enable,Disable Roles]"]]>
              </value>
            </param>
          </params>
          <reporter-output>
          </reporter-output>
        </test-method> <!-- runScenario -->
        <test-method signature="runScenario(io.cucumber.testng.PickleWrapper,io.cucumber.testng.FeatureWrapper)[pri:0, instance:runner.Runner@c94fd30]" started-at="2021-10-15T04:55:58 CDT" name="runScenario" description="Runs Cucumber Scenarios" data-provider="scenarios" finished-at="2021-10-15T04:56:07 CDT" duration-ms="9724" status="PASS">
          <params>
            <param index="0">
              <value>
                <![CDATA["Grouping multiple responsibilities into a Role"]]>
              </value>
            </param>
            <param index="1">
              <value>
                <![CDATA["Optional[Add,Search,Edit,Enable,Disable Roles]"]]>
              </value>
            </param>
          </params>
          <reporter-output>
          </reporter-output>
        </test-method> <!-- runScenario -->
        <test-method signature="runScenario(io.cucumber.testng.PickleWrapper,io.cucumber.testng.FeatureWrapper)[pri:0, instance:runner.Runner@c94fd30]" started-at="2021-10-15T04:56:07 CDT" name="runScenario" description="Runs Cucumber Scenarios" data-provider="scenarios" finished-at="2021-10-15T04:56:16 CDT" duration-ms="8688" status="PASS">
          <params>
            <param index="0">
              <value>
                <![CDATA["Edit a Role"]]>
              </value>
            </param>
            <param index="1">
              <value>
                <![CDATA["Optional[Add,Search,Edit,Enable,Disable Roles]"]]>
              </value>
            </param>
          </params>
          <reporter-output>
          </reporter-output>
        </test-method> <!-- runScenario -->
        <test-method signature="runScenario(io.cucumber.testng.PickleWrapper,io.cucumber.testng.FeatureWrapper)[pri:0, instance:runner.Runner@c94fd30]" started-at="2021-10-15T04:56:16 CDT" name="runScenario" description="Runs Cucumber Scenarios" data-provider="scenarios" finished-at="2021-10-15T04:56:26 CDT" duration-ms="9562" status="PASS">
          <params>
            <param index="0">
              <value>
                <![CDATA["Add a User"]]>
              </value>
            </param>
            <param index="1">
              <value>
                <![CDATA["Optional[Add,Search,Edit,Enable,Disable,Export Users records]"]]>
              </value>
            </param>
          </params>
          <reporter-output>
          </reporter-output>
        </test-method> <!-- runScenario -->
        <test-method signature="runScenario(io.cucumber.testng.PickleWrapper,io.cucumber.testng.FeatureWrapper)[pri:0, instance:runner.Runner@c94fd30]" started-at="2021-10-15T04:56:26 CDT" name="runScenario" description="Runs Cucumber Scenarios" data-provider="scenarios" finished-at="2021-10-15T04:56:34 CDT" duration-ms="8546" status="PASS">
          <params>
            <param index="0">
              <value>
                <![CDATA["Search a User"]]>
              </value>
            </param>
            <param index="1">
              <value>
                <![CDATA["Optional[Add,Search,Edit,Enable,Disable,Export Users records]"]]>
              </value>
            </param>
          </params>
          <reporter-output>
          </reporter-output>
        </test-method> <!-- runScenario -->
        <test-method signature="runScenario(io.cucumber.testng.PickleWrapper,io.cucumber.testng.FeatureWrapper)[pri:0, instance:runner.Runner@c94fd30]" started-at="2021-10-15T04:56:34 CDT" name="runScenario" description="Runs Cucumber Scenarios" data-provider="scenarios" finished-at="2021-10-15T04:56:44 CDT" duration-ms="9969" status="PASS">
          <params>
            <param index="0">
              <value>
                <![CDATA["Disable a User"]]>
              </value>
            </param>
            <param index="1">
              <value>
                <![CDATA["Optional[Add,Search,Edit,Enable,Disable,Export Users records]"]]>
              </value>
            </param>
          </params>
          <reporter-output>
          </reporter-output>
        </test-method> <!-- runScenario -->
        <test-method signature="runScenario(io.cucumber.testng.PickleWrapper,io.cucumber.testng.FeatureWrapper)[pri:0, instance:runner.Runner@c94fd30]" started-at="2021-10-15T04:56:44 CDT" name="runScenario" description="Runs Cucumber Scenarios" data-provider="scenarios" finished-at="2021-10-15T04:56:54 CDT" duration-ms="9732" status="PASS">
          <params>
            <param index="0">
              <value>
                <![CDATA["Enable a User"]]>
              </value>
            </param>
            <param index="1">
              <value>
                <![CDATA["Optional[Add,Search,Edit,Enable,Disable,Export Users records]"]]>
              </value>
            </param>
          </params>
          <reporter-output>
          </reporter-output>
        </test-method> <!-- runScenario -->
        <test-method signature="runScenario(io.cucumber.testng.PickleWrapper,io.cucumber.testng.FeatureWrapper)[pri:0, instance:runner.Runner@c94fd30]" started-at="2021-10-15T04:56:54 CDT" name="runScenario" description="Runs Cucumber Scenarios" data-provider="scenarios" finished-at="2021-10-15T04:57:02 CDT" duration-ms="8298" status="FAIL">
          <params>
            <param index="0">
              <value>
                <![CDATA["Edit a User"]]>
              </value>
            </param>
            <param index="1">
              <value>
                <![CDATA["Optional[Add,Search,Edit,Enable,Disable,Export Users records]"]]>
              </value>
            </param>
          </params>
          <exception class="java.lang.AssertionError">
            <message>
              <![CDATA[expected [AllVendors] but found [Automated_company2]]]>
            </message>
            <full-stacktrace>
              <![CDATA[java.lang.AssertionError: expected [AllVendors] but found [Automated_company2]
at org.testng.Assert.fail(Assert.java:99)
at org.testng.Assert.failNotEquals(Assert.java:1037)
at org.testng.Assert.assertEqualsImpl(Assert.java:140)
at org.testng.Assert.assertEquals(Assert.java:122)
at org.testng.Assert.assertEquals(Assert.java:629)
at org.testng.Assert.assertEquals(Assert.java:639)
at stepDefinitions.ManageUsers.verifyUserDetailsUpdatedSuccessfully(ManageUsers.java:151)
at ?.Verify user[1] details updated successfully(file:///C:/Users/jumpboxadmin/git/Connect-Automation/Connect_Automation/src/test/resources/features/ManageUsers.feature:58)
]]>
            </full-stacktrace>
          </exception> <!-- java.lang.AssertionError -->
          <reporter-output>
          </reporter-output>
        </test-method> <!-- runScenario -->
        <test-method signature="runScenario(io.cucumber.testng.PickleWrapper,io.cucumber.testng.FeatureWrapper)[pri:0, instance:runner.Runner@c94fd30]" started-at="2021-10-15T04:57:02 CDT" name="runScenario" description="Runs Cucumber Scenarios" data-provider="scenarios" finished-at="2021-10-15T04:57:21 CDT" duration-ms="18715" status="PASS">
          <params>
            <param index="0">
              <value>
                <![CDATA["Export User records to XML file"]]>
              </value>
            </param>
            <param index="1">
              <value>
                <![CDATA["Optional[Add,Search,Edit,Enable,Disable,Export Users records]"]]>
              </value>
            </param>
          </params>
          <reporter-output>
          </reporter-output>
        </test-method> <!-- runScenario -->
        <test-method signature="runScenario(io.cucumber.testng.PickleWrapper,io.cucumber.testng.FeatureWrapper)[pri:0, instance:runner.Runner@c94fd30]" started-at="2021-10-15T04:57:21 CDT" name="runScenario" description="Runs Cucumber Scenarios" data-provider="scenarios" finished-at="2021-10-15T04:57:30 CDT" duration-ms="8973" status="PASS">
          <params>
            <param index="0">
              <value>
                <![CDATA["Add a Carousel"]]>
              </value>
            </param>
            <param index="1">
              <value>
                <![CDATA["Optional[Add,Search,Edit,Export,Delete Carousels]"]]>
              </value>
            </param>
          </params>
          <reporter-output>
          </reporter-output>
        </test-method> <!-- runScenario -->
        <test-method signature="runScenario(io.cucumber.testng.PickleWrapper,io.cucumber.testng.FeatureWrapper)[pri:0, instance:runner.Runner@c94fd30]" started-at="2021-10-15T04:57:30 CDT" name="runScenario" description="Runs Cucumber Scenarios" data-provider="scenarios" finished-at="2021-10-15T04:57:38 CDT" duration-ms="8362" status="PASS">
          <params>
            <param index="0">
              <value>
                <![CDATA["Search a Carousel"]]>
              </value>
            </param>
            <param index="1">
              <value>
                <![CDATA["Optional[Add,Search,Edit,Export,Delete Carousels]"]]>
              </value>
            </param>
          </params>
          <reporter-output>
          </reporter-output>
        </test-method> <!-- runScenario -->
        <test-method signature="runScenario(io.cucumber.testng.PickleWrapper,io.cucumber.testng.FeatureWrapper)[pri:0, instance:runner.Runner@c94fd30]" started-at="2021-10-15T04:57:38 CDT" name="runScenario" description="Runs Cucumber Scenarios" data-provider="scenarios" finished-at="2021-10-15T04:57:49 CDT" duration-ms="10181" status="PASS">
          <params>
            <param index="0">
              <value>
                <![CDATA["Edit a Carousel"]]>
              </value>
            </param>
            <param index="1">
              <value>
                <![CDATA["Optional[Add,Search,Edit,Export,Delete Carousels]"]]>
              </value>
            </param>
          </params>
          <reporter-output>
          </reporter-output>
        </test-method> <!-- runScenario -->
        <test-method signature="runScenario(io.cucumber.testng.PickleWrapper,io.cucumber.testng.FeatureWrapper)[pri:0, instance:runner.Runner@c94fd30]" started-at="2021-10-15T04:57:49 CDT" name="runScenario" description="Runs Cucumber Scenarios" data-provider="scenarios" finished-at="2021-10-15T04:57:59 CDT" duration-ms="10461" status="PASS">
          <params>
            <param index="0">
              <value>
                <![CDATA["Export Carousel recods"]]>
              </value>
            </param>
            <param index="1">
              <value>
                <![CDATA["Optional[Add,Search,Edit,Export,Delete Carousels]"]]>
              </value>
            </param>
          </params>
          <reporter-output>
          </reporter-output>
        </test-method> <!-- runScenario -->
        <test-method signature="runScenario(io.cucumber.testng.PickleWrapper,io.cucumber.testng.FeatureWrapper)[pri:0, instance:runner.Runner@c94fd30]" started-at="2021-10-15T04:57:59 CDT" name="runScenario" description="Runs Cucumber Scenarios" data-provider="scenarios" finished-at="2021-10-15T04:58:08 CDT" duration-ms="9089" status="PASS">
          <params>
            <param index="0">
              <value>
                <![CDATA["Delete Carousel"]]>
              </value>
            </param>
            <param index="1">
              <value>
                <![CDATA["Optional[Add,Search,Edit,Export,Delete Carousels]"]]>
              </value>
            </param>
          </params>
          <reporter-output>
          </reporter-output>
        </test-method> <!-- runScenario -->
        <test-method signature="runScenario(io.cucumber.testng.PickleWrapper,io.cucumber.testng.FeatureWrapper)[pri:0, instance:runner.Runner@c94fd30]" started-at="2021-10-15T04:58:08 CDT" name="runScenario" description="Runs Cucumber Scenarios" data-provider="scenarios" finished-at="2021-10-15T04:58:17 CDT" duration-ms="8656" status="PASS">
          <params>
            <param index="0">
              <value>
                <![CDATA["Add a PLC"]]>
              </value>
            </param>
            <param index="1">
              <value>
                <![CDATA["Optional[Add,Search,Edit,Export,Delete PLCs]"]]>
              </value>
            </param>
          </params>
          <reporter-output>
          </reporter-output>
        </test-method> <!-- runScenario -->
        <test-method signature="runScenario(io.cucumber.testng.PickleWrapper,io.cucumber.testng.FeatureWrapper)[pri:0, instance:runner.Runner@c94fd30]" started-at="2021-10-15T04:58:17 CDT" name="runScenario" description="Runs Cucumber Scenarios" data-provider="scenarios" finished-at="2021-10-15T04:58:25 CDT" duration-ms="8372" status="PASS">
          <params>
            <param index="0">
              <value>
                <![CDATA["Search a PLC"]]>
              </value>
            </param>
            <param index="1">
              <value>
                <![CDATA["Optional[Add,Search,Edit,Export,Delete PLCs]"]]>
              </value>
            </param>
          </params>
          <reporter-output>
          </reporter-output>
        </test-method> <!-- runScenario -->
        <test-method signature="runScenario(io.cucumber.testng.PickleWrapper,io.cucumber.testng.FeatureWrapper)[pri:0, instance:runner.Runner@c94fd30]" started-at="2021-10-15T04:58:25 CDT" name="runScenario" description="Runs Cucumber Scenarios" data-provider="scenarios" finished-at="2021-10-15T04:58:35 CDT" duration-ms="9915" status="PASS">
          <params>
            <param index="0">
              <value>
                <![CDATA["Edit a PLC"]]>
              </value>
            </param>
            <param index="1">
              <value>
                <![CDATA["Optional[Add,Search,Edit,Export,Delete PLCs]"]]>
              </value>
            </param>
          </params>
          <reporter-output>
          </reporter-output>
        </test-method> <!-- runScenario -->
        <test-method signature="runScenario(io.cucumber.testng.PickleWrapper,io.cucumber.testng.FeatureWrapper)[pri:0, instance:runner.Runner@c94fd30]" started-at="2021-10-15T04:58:35 CDT" name="runScenario" description="Runs Cucumber Scenarios" data-provider="scenarios" finished-at="2021-10-15T04:58:46 CDT" duration-ms="10476" status="PASS">
          <params>
            <param index="0">
              <value>
                <![CDATA["Export PLC recods"]]>
              </value>
            </param>
            <param index="1">
              <value>
                <![CDATA["Optional[Add,Search,Edit,Export,Delete PLCs]"]]>
              </value>
            </param>
          </params>
          <reporter-output>
          </reporter-output>
        </test-method> <!-- runScenario -->
        <test-method signature="runScenario(io.cucumber.testng.PickleWrapper,io.cucumber.testng.FeatureWrapper)[pri:0, instance:runner.Runner@c94fd30]" started-at="2021-10-15T04:58:46 CDT" name="runScenario" description="Runs Cucumber Scenarios" data-provider="scenarios" finished-at="2021-10-15T04:58:55 CDT" duration-ms="9061" status="PASS">
          <params>
            <param index="0">
              <value>
                <![CDATA["Delete PLC"]]>
              </value>
            </param>
            <param index="1">
              <value>
                <![CDATA["Optional[Add,Search,Edit,Export,Delete PLCs]"]]>
              </value>
            </param>
          </params>
          <reporter-output>
          </reporter-output>
        </test-method> <!-- runScenario -->
        <test-method signature="runScenario(io.cucumber.testng.PickleWrapper,io.cucumber.testng.FeatureWrapper)[pri:0, instance:runner.Runner@c94fd30]" started-at="2021-10-15T04:58:55 CDT" name="runScenario" description="Runs Cucumber Scenarios" data-provider="scenarios" finished-at="2021-10-15T04:59:31 CDT" duration-ms="36107" status="FAIL">
          <params>
            <param index="0">
              <value>
                <![CDATA["Add a Printer"]]>
              </value>
            </param>
            <param index="1">
              <value>
                <![CDATA["Optional[Add,Search,Edit,Export,Delete Printers]"]]>
              </value>
            </param>
          </params>
          <exception class="org.openqa.selenium.NoSuchElementException">
            <message>
              <![CDATA[no such element: Unable to locate element: {"method":"css selector","selector":"input[value=Add]"}
  (Session info: chrome=94.0.4606.81)
For documentation on this error, please visit: https://www.seleniumhq.org/exceptions/no_such_element.html
Build info: version: '4.0.0-alpha-3', revision: '8c567de6dc'
System info: host: 'JUMPBOX-WIN2016', ip: '10.228.0.127', os.name: 'Windows Server 2016', os.arch: 'amd64', os.version: '10.0', java.version: '16.0.2'
Driver info: org.openqa.selenium.chrome.ChromeDriver
Capabilities {acceptInsecureCerts: false, browserName: chrome, browserVersion: 94.0.4606.81, chrome: {chromedriverVersion: 94.0.4606.61 (418b78f5838ed..., userDataDir: C:\Users\JUMPBO~1\AppData\L...}, goog:chromeOptions: {debuggerAddress: localhost:50354}, javascriptEnabled: true, networkConnectionEnabled: false, pageLoadStrategy: normal, platform: WINDOWS, platformName: WINDOWS, proxy: Proxy(), setWindowRect: true, strictFileInteractability: false, timeouts: {implicit: 0, pageLoad: 300000, script: 30000}, unhandledPromptBehavior: dismiss and notify, webauthn:extension:credBlob: true, webauthn:extension:largeBlob: true, webauthn:virtualAuthenticators: true}
Session ID: 34be8e03a768439f7901cc05196bcc39
*** Element info: {Using=css selector, value=input[value=Add]}]]>
            </message>
            <full-stacktrace>
              <![CDATA[org.openqa.selenium.NoSuchElementException: no such element: Unable to locate element: {"method":"css selector","selector":"input[value=Add]"}
  (Session info: chrome=94.0.4606.81)
For documentation on this error, please visit: https://www.seleniumhq.org/exceptions/no_such_element.html
Build info: version: '4.0.0-alpha-3', revision: '8c567de6dc'
System info: host: 'JUMPBOX-WIN2016', ip: '10.228.0.127', os.name: 'Windows Server 2016', os.arch: 'amd64', os.version: '10.0', java.version: '16.0.2'
Driver info: org.openqa.selenium.chrome.ChromeDriver
Capabilities {acceptInsecureCerts: false, browserName: chrome, browserVersion: 94.0.4606.81, chrome: {chromedriverVersion: 94.0.4606.61 (418b78f5838ed..., userDataDir: C:\Users\JUMPBO~1\AppData\L...}, goog:chromeOptions: {debuggerAddress: localhost:50354}, javascriptEnabled: true, networkConnectionEnabled: false, pageLoadStrategy: normal, platform: WINDOWS, platformName: WINDOWS, proxy: Proxy(), setWindowRect: true, strictFileInteractability: false, timeouts: {implicit: 0, pageLoad: 300000, script: 30000}, unhandledPromptBehavior: dismiss and notify, webauthn:extension:credBlob: true, webauthn:extension:largeBlob: true, webauthn:virtualAuthenticators: true}
Session ID: 34be8e03a768439f7901cc05196bcc39
*** Element info: {Using=css selector, value=input[value=Add]}
at java.base/jdk.internal.reflect.NativeConstructorAccessorImpl.newInstance0(Native Method)
at java.base/jdk.internal.reflect.NativeConstructorAccessorImpl.newInstance(NativeConstructorAccessorImpl.java:78)
at java.base/jdk.internal.reflect.DelegatingConstructorAccessorImpl.newInstance(DelegatingConstructorAccessorImpl.java:45)
at java.base/java.lang.reflect.Constructor.newInstanceWithCaller(Constructor.java:499)
at java.base/java.lang.reflect.Constructor.newInstance(Constructor.java:480)
at org.openqa.selenium.remote.codec.w3c.W3CHttpResponseCodec.createException(W3CHttpResponseCodec.java:191)
at org.openqa.selenium.remote.codec.w3c.W3CHttpResponseCodec.decode(W3CHttpResponseCodec.java:125)
at org.openqa.selenium.remote.codec.w3c.W3CHttpResponseCodec.decode(W3CHttpResponseCodec.java:52)
at org.openqa.selenium.remote.HttpCommandExecutor.execute(HttpCommandExecutor.java:161)
at org.openqa.selenium.remote.service.DriverCommandExecutor.execute(DriverCommandExecutor.java:83)
at org.openqa.selenium.remote.RemoteWebDriver.execute(RemoteWebDriver.java:576)
at org.openqa.selenium.remote.RemoteWebDriver.findElement(RemoteWebDriver.java:327)
at org.openqa.selenium.remote.RemoteWebDriver.findElementByCssSelector(RemoteWebDriver.java:435)
at org.openqa.selenium.By$ByCssSelector.findElement(By.java:496)
at org.openqa.selenium.remote.RemoteWebDriver.findElement(RemoteWebDriver.java:319)
at org.openqa.selenium.support.pagefactory.DefaultElementLocator.findElement(DefaultElementLocator.java:70)
at org.openqa.selenium.support.pagefactory.internal.LocatingElementHandler.invoke(LocatingElementHandler.java:39)
at jdk.proxy2/jdk.proxy2.$Proxy28.click(Unknown Source)
at stepDefinitions.devices.ManagePrinters.userClicksOnAddButtonToAddPrinter(ManagePrinters.java:40)
at ?.User clicks on Add button to add Printer(file:///C:/Users/jumpboxadmin/git/Connect-Automation/Connect_Automation/src/test/resources/features/devices/ManagePrinters.feature:17)
]]>
            </full-stacktrace>
          </exception> <!-- org.openqa.selenium.NoSuchElementException -->
          <reporter-output>
          </reporter-output>
        </test-method> <!-- runScenario -->
        <test-method signature="runScenario(io.cucumber.testng.PickleWrapper,io.cucumber.testng.FeatureWrapper)[pri:0, instance:runner.Runner@c94fd30]" started-at="2021-10-15T04:59:31 CDT" name="runScenario" description="Runs Cucumber Scenarios" data-provider="scenarios" finished-at="2021-10-15T05:00:06 CDT" duration-ms="35449" status="FAIL">
          <params>
            <param index="0">
              <value>
                <![CDATA["Search a Printer"]]>
              </value>
            </param>
            <param index="1">
              <value>
                <![CDATA["Optional[Add,Search,Edit,Export,Delete Printers]"]]>
              </value>
            </param>
          </params>
          <exception class="org.openqa.selenium.NoSuchElementException">
            <message>
              <![CDATA[no such element: Unable to locate element: {"method":"css selector","selector":"*[name='search_name']"}
  (Session info: chrome=94.0.4606.81)
For documentation on this error, please visit: https://www.seleniumhq.org/exceptions/no_such_element.html
Build info: version: '4.0.0-alpha-3', revision: '8c567de6dc'
System info: host: 'JUMPBOX-WIN2016', ip: '10.228.0.127', os.name: 'Windows Server 2016', os.arch: 'amd64', os.version: '10.0', java.version: '16.0.2'
Driver info: org.openqa.selenium.chrome.ChromeDriver
Capabilities {acceptInsecureCerts: false, browserName: chrome, browserVersion: 94.0.4606.81, chrome: {chromedriverVersion: 94.0.4606.61 (418b78f5838ed..., userDataDir: C:\Users\JUMPBO~1\AppData\L...}, goog:chromeOptions: {debuggerAddress: localhost:60546}, javascriptEnabled: true, networkConnectionEnabled: false, pageLoadStrategy: normal, platform: WINDOWS, platformName: WINDOWS, proxy: Proxy(), setWindowRect: true, strictFileInteractability: false, timeouts: {implicit: 0, pageLoad: 300000, script: 30000}, unhandledPromptBehavior: dismiss and notify, webauthn:extension:credBlob: true, webauthn:extension:largeBlob: true, webauthn:virtualAuthenticators: true}
Session ID: 023a33729b13a02ac8a4c6c71408171c
*** Element info: {Using=name, value=search_name}]]>
            </message>
            <full-stacktrace>
              <![CDATA[org.openqa.selenium.NoSuchElementException: no such element: Unable to locate element: {"method":"css selector","selector":"*[name='search_name']"}
  (Session info: chrome=94.0.4606.81)
For documentation on this error, please visit: https://www.seleniumhq.org/exceptions/no_such_element.html
Build info: version: '4.0.0-alpha-3', revision: '8c567de6dc'
System info: host: 'JUMPBOX-WIN2016', ip: '10.228.0.127', os.name: 'Windows Server 2016', os.arch: 'amd64', os.version: '10.0', java.version: '16.0.2'
Driver info: org.openqa.selenium.chrome.ChromeDriver
Capabilities {acceptInsecureCerts: false, browserName: chrome, browserVersion: 94.0.4606.81, chrome: {chromedriverVersion: 94.0.4606.61 (418b78f5838ed..., userDataDir: C:\Users\JUMPBO~1\AppData\L...}, goog:chromeOptions: {debuggerAddress: localhost:60546}, javascriptEnabled: true, networkConnectionEnabled: false, pageLoadStrategy: normal, platform: WINDOWS, platformName: WINDOWS, proxy: Proxy(), setWindowRect: true, strictFileInteractability: false, timeouts: {implicit: 0, pageLoad: 300000, script: 30000}, unhandledPromptBehavior: dismiss and notify, webauthn:extension:credBlob: true, webauthn:extension:largeBlob: true, webauthn:virtualAuthenticators: true}
Session ID: 023a33729b13a02ac8a4c6c71408171c
*** Element info: {Using=name, value=search_name}
at java.base/jdk.internal.reflect.NativeConstructorAccessorImpl.newInstance0(Native Method)
at java.base/jdk.internal.reflect.NativeConstructorAccessorImpl.newInstance(NativeConstructorAccessorImpl.java:78)
at java.base/jdk.internal.reflect.DelegatingConstructorAccessorImpl.newInstance(DelegatingConstructorAccessorImpl.java:45)
at java.base/java.lang.reflect.Constructor.newInstanceWithCaller(Constructor.java:499)
at java.base/java.lang.reflect.Constructor.newInstance(Constructor.java:480)
at org.openqa.selenium.remote.codec.w3c.W3CHttpResponseCodec.createException(W3CHttpResponseCodec.java:191)
at org.openqa.selenium.remote.codec.w3c.W3CHttpResponseCodec.decode(W3CHttpResponseCodec.java:125)
at org.openqa.selenium.remote.codec.w3c.W3CHttpResponseCodec.decode(W3CHttpResponseCodec.java:52)
at org.openqa.selenium.remote.HttpCommandExecutor.execute(HttpCommandExecutor.java:161)
at org.openqa.selenium.remote.service.DriverCommandExecutor.execute(DriverCommandExecutor.java:83)
at org.openqa.selenium.remote.RemoteWebDriver.execute(RemoteWebDriver.java:576)
at org.openqa.selenium.remote.RemoteWebDriver.findElement(RemoteWebDriver.java:327)
at org.openqa.selenium.remote.RemoteWebDriver.findElementByName(RemoteWebDriver.java:415)
at org.openqa.selenium.By$ByName.findElement(By.java:313)
at org.openqa.selenium.remote.RemoteWebDriver.findElement(RemoteWebDriver.java:319)
at org.openqa.selenium.support.pagefactory.DefaultElementLocator.findElement(DefaultElementLocator.java:70)
at org.openqa.selenium.support.pagefactory.internal.LocatingElementHandler.invoke(LocatingElementHandler.java:39)
at jdk.proxy2/jdk.proxy2.$Proxy28.clear(Unknown Source)
at stepDefinitions.devices.ManagePrinters.userEntersPrinter_nameToSearchAPrinter(ManagePrinters.java:101)
at ?.User enters Printer_name[0] to search a Printer(file:///C:/Users/jumpboxadmin/git/Connect-Automation/Connect_Automation/src/test/resources/features/devices/ManagePrinters.feature:32)
]]>
            </full-stacktrace>
          </exception> <!-- org.openqa.selenium.NoSuchElementException -->
          <reporter-output>
          </reporter-output>
        </test-method> <!-- runScenario -->
        <test-method signature="runScenario(io.cucumber.testng.PickleWrapper,io.cucumber.testng.FeatureWrapper)[pri:0, instance:runner.Runner@c94fd30]" started-at="2021-10-15T05:00:06 CDT" name="runScenario" description="Runs Cucumber Scenarios" data-provider="scenarios" finished-at="2021-10-15T05:00:42 CDT" duration-ms="35744" status="FAIL">
          <params>
            <param index="0">
              <value>
                <![CDATA["Edit a Printer"]]>
              </value>
            </param>
            <param index="1">
              <value>
                <![CDATA["Optional[Add,Search,Edit,Export,Delete Printers]"]]>
              </value>
            </param>
          </params>
          <exception class="org.openqa.selenium.NoSuchElementException">
            <message>
              <![CDATA[no such element: Unable to locate element: {"method":"css selector","selector":"*[name='search_name']"}
  (Session info: chrome=94.0.4606.81)
For documentation on this error, please visit: https://www.seleniumhq.org/exceptions/no_such_element.html
Build info: version: '4.0.0-alpha-3', revision: '8c567de6dc'
System info: host: 'JUMPBOX-WIN2016', ip: '10.228.0.127', os.name: 'Windows Server 2016', os.arch: 'amd64', os.version: '10.0', java.version: '16.0.2'
Driver info: org.openqa.selenium.chrome.ChromeDriver
Capabilities {acceptInsecureCerts: false, browserName: chrome, browserVersion: 94.0.4606.81, chrome: {chromedriverVersion: 94.0.4606.61 (418b78f5838ed..., userDataDir: C:\Users\JUMPBO~1\AppData\L...}, goog:chromeOptions: {debuggerAddress: localhost:50279}, javascriptEnabled: true, networkConnectionEnabled: false, pageLoadStrategy: normal, platform: WINDOWS, platformName: WINDOWS, proxy: Proxy(), setWindowRect: true, strictFileInteractability: false, timeouts: {implicit: 0, pageLoad: 300000, script: 30000}, unhandledPromptBehavior: dismiss and notify, webauthn:extension:credBlob: true, webauthn:extension:largeBlob: true, webauthn:virtualAuthenticators: true}
Session ID: 033397a31aa5429e7d238eb924560cbe
*** Element info: {Using=name, value=search_name}]]>
            </message>
            <full-stacktrace>
              <![CDATA[org.openqa.selenium.NoSuchElementException: no such element: Unable to locate element: {"method":"css selector","selector":"*[name='search_name']"}
  (Session info: chrome=94.0.4606.81)
For documentation on this error, please visit: https://www.seleniumhq.org/exceptions/no_such_element.html
Build info: version: '4.0.0-alpha-3', revision: '8c567de6dc'
System info: host: 'JUMPBOX-WIN2016', ip: '10.228.0.127', os.name: 'Windows Server 2016', os.arch: 'amd64', os.version: '10.0', java.version: '16.0.2'
Driver info: org.openqa.selenium.chrome.ChromeDriver
Capabilities {acceptInsecureCerts: false, browserName: chrome, browserVersion: 94.0.4606.81, chrome: {chromedriverVersion: 94.0.4606.61 (418b78f5838ed..., userDataDir: C:\Users\JUMPBO~1\AppData\L...}, goog:chromeOptions: {debuggerAddress: localhost:50279}, javascriptEnabled: true, networkConnectionEnabled: false, pageLoadStrategy: normal, platform: WINDOWS, platformName: WINDOWS, proxy: Proxy(), setWindowRect: true, strictFileInteractability: false, timeouts: {implicit: 0, pageLoad: 300000, script: 30000}, unhandledPromptBehavior: dismiss and notify, webauthn:extension:credBlob: true, webauthn:extension:largeBlob: true, webauthn:virtualAuthenticators: true}
Session ID: 033397a31aa5429e7d238eb924560cbe
*** Element info: {Using=name, value=search_name}
at java.base/jdk.internal.reflect.NativeConstructorAccessorImpl.newInstance0(Native Method)
at java.base/jdk.internal.reflect.NativeConstructorAccessorImpl.newInstance(NativeConstructorAccessorImpl.java:78)
at java.base/jdk.internal.reflect.DelegatingConstructorAccessorImpl.newInstance(DelegatingConstructorAccessorImpl.java:45)
at java.base/java.lang.reflect.Constructor.newInstanceWithCaller(Constructor.java:499)
at java.base/java.lang.reflect.Constructor.newInstance(Constructor.java:480)
at org.openqa.selenium.remote.codec.w3c.W3CHttpResponseCodec.createException(W3CHttpResponseCodec.java:191)
at org.openqa.selenium.remote.codec.w3c.W3CHttpResponseCodec.decode(W3CHttpResponseCodec.java:125)
at org.openqa.selenium.remote.codec.w3c.W3CHttpResponseCodec.decode(W3CHttpResponseCodec.java:52)
at org.openqa.selenium.remote.HttpCommandExecutor.execute(HttpCommandExecutor.java:161)
at org.openqa.selenium.remote.service.DriverCommandExecutor.execute(DriverCommandExecutor.java:83)
at org.openqa.selenium.remote.RemoteWebDriver.execute(RemoteWebDriver.java:576)
at org.openqa.selenium.remote.RemoteWebDriver.findElement(RemoteWebDriver.java:327)
at org.openqa.selenium.remote.RemoteWebDriver.findElementByName(RemoteWebDriver.java:415)
at org.openqa.selenium.By$ByName.findElement(By.java:313)
at org.openqa.selenium.remote.RemoteWebDriver.findElement(RemoteWebDriver.java:319)
at org.openqa.selenium.support.pagefactory.DefaultElementLocator.findElement(DefaultElementLocator.java:70)
at org.openqa.selenium.support.pagefactory.internal.LocatingElementHandler.invoke(LocatingElementHandler.java:39)
at jdk.proxy2/jdk.proxy2.$Proxy28.clear(Unknown Source)
at stepDefinitions.devices.ManagePrinters.userEntersPrinter_nameToSearchAPrinter(ManagePrinters.java:101)
at ?.User enters Printer_name[0] to search a Printer(file:///C:/Users/jumpboxadmin/git/Connect-Automation/Connect_Automation/src/test/resources/features/devices/ManagePrinters.feature:40)
]]>
            </full-stacktrace>
          </exception> <!-- org.openqa.selenium.NoSuchElementException -->
          <reporter-output>
          </reporter-output>
        </test-method> <!-- runScenario -->
        <test-method signature="runScenario(io.cucumber.testng.PickleWrapper,io.cucumber.testng.FeatureWrapper)[pri:0, instance:runner.Runner@c94fd30]" started-at="2021-10-15T05:00:42 CDT" name="runScenario" description="Runs Cucumber Scenarios" data-provider="scenarios" finished-at="2021-10-15T05:01:18 CDT" duration-ms="35651" status="FAIL">
          <params>
            <param index="0">
              <value>
                <![CDATA["Export Printer recods"]]>
              </value>
            </param>
            <param index="1">
              <value>
                <![CDATA["Optional[Add,Search,Edit,Export,Delete Printers]"]]>
              </value>
            </param>
          </params>
          <exception class="org.openqa.selenium.NoSuchElementException">
            <message>
              <![CDATA[no such element: Unable to locate element: {"method":"css selector","selector":"input[value=Search]"}
  (Session info: chrome=94.0.4606.81)
For documentation on this error, please visit: https://www.seleniumhq.org/exceptions/no_such_element.html
Build info: version: '4.0.0-alpha-3', revision: '8c567de6dc'
System info: host: 'JUMPBOX-WIN2016', ip: '10.228.0.127', os.name: 'Windows Server 2016', os.arch: 'amd64', os.version: '10.0', java.version: '16.0.2'
Driver info: org.openqa.selenium.chrome.ChromeDriver
Capabilities {acceptInsecureCerts: false, browserName: chrome, browserVersion: 94.0.4606.81, chrome: {chromedriverVersion: 94.0.4606.61 (418b78f5838ed..., userDataDir: C:\Users\JUMPBO~1\AppData\L...}, goog:chromeOptions: {debuggerAddress: localhost:51086}, javascriptEnabled: true, networkConnectionEnabled: false, pageLoadStrategy: normal, platform: WINDOWS, platformName: WINDOWS, proxy: Proxy(), setWindowRect: true, strictFileInteractability: false, timeouts: {implicit: 0, pageLoad: 300000, script: 30000}, unhandledPromptBehavior: dismiss and notify, webauthn:extension:credBlob: true, webauthn:extension:largeBlob: true, webauthn:virtualAuthenticators: true}
Session ID: 63d1e80e8a3dfa35e31fbe04aa17ff5f
*** Element info: {Using=css selector, value=input[value=Search]}]]>
            </message>
            <full-stacktrace>
              <![CDATA[org.openqa.selenium.NoSuchElementException: no such element: Unable to locate element: {"method":"css selector","selector":"input[value=Search]"}
  (Session info: chrome=94.0.4606.81)
For documentation on this error, please visit: https://www.seleniumhq.org/exceptions/no_such_element.html
Build info: version: '4.0.0-alpha-3', revision: '8c567de6dc'
System info: host: 'JUMPBOX-WIN2016', ip: '10.228.0.127', os.name: 'Windows Server 2016', os.arch: 'amd64', os.version: '10.0', java.version: '16.0.2'
Driver info: org.openqa.selenium.chrome.ChromeDriver
Capabilities {acceptInsecureCerts: false, browserName: chrome, browserVersion: 94.0.4606.81, chrome: {chromedriverVersion: 94.0.4606.61 (418b78f5838ed..., userDataDir: C:\Users\JUMPBO~1\AppData\L...}, goog:chromeOptions: {debuggerAddress: localhost:51086}, javascriptEnabled: true, networkConnectionEnabled: false, pageLoadStrategy: normal, platform: WINDOWS, platformName: WINDOWS, proxy: Proxy(), setWindowRect: true, strictFileInteractability: false, timeouts: {implicit: 0, pageLoad: 300000, script: 30000}, unhandledPromptBehavior: dismiss and notify, webauthn:extension:credBlob: true, webauthn:extension:largeBlob: true, webauthn:virtualAuthenticators: true}
Session ID: 63d1e80e8a3dfa35e31fbe04aa17ff5f
*** Element info: {Using=css selector, value=input[value=Search]}
at java.base/jdk.internal.reflect.NativeConstructorAccessorImpl.newInstance0(Native Method)
at java.base/jdk.internal.reflect.NativeConstructorAccessorImpl.newInstance(NativeConstructorAccessorImpl.java:78)
at java.base/jdk.internal.reflect.DelegatingConstructorAccessorImpl.newInstance(DelegatingConstructorAccessorImpl.java:45)
at java.base/java.lang.reflect.Constructor.newInstanceWithCaller(Constructor.java:499)
at java.base/java.lang.reflect.Constructor.newInstance(Constructor.java:480)
at org.openqa.selenium.remote.codec.w3c.W3CHttpResponseCodec.createException(W3CHttpResponseCodec.java:191)
at org.openqa.selenium.remote.codec.w3c.W3CHttpResponseCodec.decode(W3CHttpResponseCodec.java:125)
at org.openqa.selenium.remote.codec.w3c.W3CHttpResponseCodec.decode(W3CHttpResponseCodec.java:52)
at org.openqa.selenium.remote.HttpCommandExecutor.execute(HttpCommandExecutor.java:161)
at org.openqa.selenium.remote.service.DriverCommandExecutor.execute(DriverCommandExecutor.java:83)
at org.openqa.selenium.remote.RemoteWebDriver.execute(RemoteWebDriver.java:576)
at org.openqa.selenium.remote.RemoteWebDriver.findElement(RemoteWebDriver.java:327)
at org.openqa.selenium.remote.RemoteWebDriver.findElementByCssSelector(RemoteWebDriver.java:435)
at org.openqa.selenium.By$ByCssSelector.findElement(By.java:496)
at org.openqa.selenium.remote.RemoteWebDriver.findElement(RemoteWebDriver.java:319)
at org.openqa.selenium.support.pagefactory.DefaultElementLocator.findElement(DefaultElementLocator.java:70)
at org.openqa.selenium.support.pagefactory.internal.LocatingElementHandler.invoke(LocatingElementHandler.java:39)
at jdk.proxy2/jdk.proxy2.$Proxy28.click(Unknown Source)
at stepDefinitions.devices.ManagePrinters.userClicksOnSearchButtonToSearchPrinters(ManagePrinters.java:141)
at ?.User clicks on Search button to search Printers(file:///C:/Users/jumpboxadmin/git/Connect-Automation/Connect_Automation/src/test/resources/features/devices/ManagePrinters.feature:58)
]]>
            </full-stacktrace>
          </exception> <!-- org.openqa.selenium.NoSuchElementException -->
          <reporter-output>
          </reporter-output>
        </test-method> <!-- runScenario -->
        <test-method signature="runScenario(io.cucumber.testng.PickleWrapper,io.cucumber.testng.FeatureWrapper)[pri:0, instance:runner.Runner@c94fd30]" started-at="2021-10-15T05:01:18 CDT" name="runScenario" description="Runs Cucumber Scenarios" data-provider="scenarios" finished-at="2021-10-15T05:01:54 CDT" duration-ms="36094" status="FAIL">
          <params>
            <param index="0">
              <value>
                <![CDATA["Delete Printer"]]>
              </value>
            </param>
            <param index="1">
              <value>
                <![CDATA["Optional[Add,Search,Edit,Export,Delete Printers]"]]>
              </value>
            </param>
          </params>
          <exception class="org.openqa.selenium.NoSuchElementException">
            <message>
              <![CDATA[no such element: Unable to locate element: {"method":"css selector","selector":"*[name='search_name']"}
  (Session info: chrome=94.0.4606.81)
For documentation on this error, please visit: https://www.seleniumhq.org/exceptions/no_such_element.html
Build info: version: '4.0.0-alpha-3', revision: '8c567de6dc'
System info: host: 'JUMPBOX-WIN2016', ip: '10.228.0.127', os.name: 'Windows Server 2016', os.arch: 'amd64', os.version: '10.0', java.version: '16.0.2'
Driver info: org.openqa.selenium.chrome.ChromeDriver
Capabilities {acceptInsecureCerts: false, browserName: chrome, browserVersion: 94.0.4606.81, chrome: {chromedriverVersion: 94.0.4606.61 (418b78f5838ed..., userDataDir: C:\Users\JUMPBO~1\AppData\L...}, goog:chromeOptions: {debuggerAddress: localhost:62327}, javascriptEnabled: true, networkConnectionEnabled: false, pageLoadStrategy: normal, platform: WINDOWS, platformName: WINDOWS, proxy: Proxy(), setWindowRect: true, strictFileInteractability: false, timeouts: {implicit: 0, pageLoad: 300000, script: 30000}, unhandledPromptBehavior: dismiss and notify, webauthn:extension:credBlob: true, webauthn:extension:largeBlob: true, webauthn:virtualAuthenticators: true}
Session ID: 3aa375bb8861da2b0fbce7441141b0a0
*** Element info: {Using=name, value=search_name}]]>
            </message>
            <full-stacktrace>
              <![CDATA[org.openqa.selenium.NoSuchElementException: no such element: Unable to locate element: {"method":"css selector","selector":"*[name='search_name']"}
  (Session info: chrome=94.0.4606.81)
For documentation on this error, please visit: https://www.seleniumhq.org/exceptions/no_such_element.html
Build info: version: '4.0.0-alpha-3', revision: '8c567de6dc'
System info: host: 'JUMPBOX-WIN2016', ip: '10.228.0.127', os.name: 'Windows Server 2016', os.arch: 'amd64', os.version: '10.0', java.version: '16.0.2'
Driver info: org.openqa.selenium.chrome.ChromeDriver
Capabilities {acceptInsecureCerts: false, browserName: chrome, browserVersion: 94.0.4606.81, chrome: {chromedriverVersion: 94.0.4606.61 (418b78f5838ed..., userDataDir: C:\Users\JUMPBO~1\AppData\L...}, goog:chromeOptions: {debuggerAddress: localhost:62327}, javascriptEnabled: true, networkConnectionEnabled: false, pageLoadStrategy: normal, platform: WINDOWS, platformName: WINDOWS, proxy: Proxy(), setWindowRect: true, strictFileInteractability: false, timeouts: {implicit: 0, pageLoad: 300000, script: 30000}, unhandledPromptBehavior: dismiss and notify, webauthn:extension:credBlob: true, webauthn:extension:largeBlob: true, webauthn:virtualAuthenticators: true}
Session ID: 3aa375bb8861da2b0fbce7441141b0a0
*** Element info: {Using=name, value=search_name}
at java.base/jdk.internal.reflect.NativeConstructorAccessorImpl.newInstance0(Native Method)
at java.base/jdk.internal.reflect.NativeConstructorAccessorImpl.newInstance(NativeConstructorAccessorImpl.java:78)
at java.base/jdk.internal.reflect.DelegatingConstructorAccessorImpl.newInstance(DelegatingConstructorAccessorImpl.java:45)
at java.base/java.lang.reflect.Constructor.newInstanceWithCaller(Constructor.java:499)
at java.base/java.lang.reflect.Constructor.newInstance(Constructor.java:480)
at org.openqa.selenium.remote.codec.w3c.W3CHttpResponseCodec.createException(W3CHttpResponseCodec.java:191)
at org.openqa.selenium.remote.codec.w3c.W3CHttpResponseCodec.decode(W3CHttpResponseCodec.java:125)
at org.openqa.selenium.remote.codec.w3c.W3CHttpResponseCodec.decode(W3CHttpResponseCodec.java:52)
at org.openqa.selenium.remote.HttpCommandExecutor.execute(HttpCommandExecutor.java:161)
at org.openqa.selenium.remote.service.DriverCommandExecutor.execute(DriverCommandExecutor.java:83)
at org.openqa.selenium.remote.RemoteWebDriver.execute(RemoteWebDriver.java:576)
at org.openqa.selenium.remote.RemoteWebDriver.findElement(RemoteWebDriver.java:327)
at org.openqa.selenium.remote.RemoteWebDriver.findElementByName(RemoteWebDriver.java:415)
at org.openqa.selenium.By$ByName.findElement(By.java:313)
at org.openqa.selenium.remote.RemoteWebDriver.findElement(RemoteWebDriver.java:319)
at org.openqa.selenium.support.pagefactory.DefaultElementLocator.findElement(DefaultElementLocator.java:70)
at org.openqa.selenium.support.pagefactory.internal.LocatingElementHandler.invoke(LocatingElementHandler.java:39)
at jdk.proxy2/jdk.proxy2.$Proxy28.clear(Unknown Source)
at stepDefinitions.devices.ManagePrinters.userEntersPrinter_nameToSearchAPrinter(ManagePrinters.java:101)
at ?.User enters Printer_name[1] to search a Printer(file:///C:/Users/jumpboxadmin/git/Connect-Automation/Connect_Automation/src/test/resources/features/devices/ManagePrinters.feature:71)
]]>
            </full-stacktrace>
          </exception> <!-- org.openqa.selenium.NoSuchElementException -->
          <reporter-output>
          </reporter-output>
        </test-method> <!-- runScenario -->
        <test-method signature="runScenario(io.cucumber.testng.PickleWrapper,io.cucumber.testng.FeatureWrapper)[pri:0, instance:runner.Runner@c94fd30]" started-at="2021-10-15T05:01:54 CDT" name="runScenario" description="Runs Cucumber Scenarios" data-provider="scenarios" finished-at="2021-10-15T05:02:03 CDT" duration-ms="9043" status="PASS">
          <params>
            <param index="0">
              <value>
                <![CDATA["Add a Scale"]]>
              </value>
            </param>
            <param index="1">
              <value>
                <![CDATA["Optional[Add,Search,Edit,Export,Delete Scales]"]]>
              </value>
            </param>
          </params>
          <reporter-output>
          </reporter-output>
        </test-method> <!-- runScenario -->
        <test-method signature="runScenario(io.cucumber.testng.PickleWrapper,io.cucumber.testng.FeatureWrapper)[pri:0, instance:runner.Runner@c94fd30]" started-at="2021-10-15T05:02:03 CDT" name="runScenario" description="Runs Cucumber Scenarios" data-provider="scenarios" finished-at="2021-10-15T05:02:11 CDT" duration-ms="8423" status="PASS">
          <params>
            <param index="0">
              <value>
                <![CDATA["Search a Scale"]]>
              </value>
            </param>
            <param index="1">
              <value>
                <![CDATA["Optional[Add,Search,Edit,Export,Delete Scales]"]]>
              </value>
            </param>
          </params>
          <reporter-output>
          </reporter-output>
        </test-method> <!-- runScenario -->
        <test-method signature="runScenario(io.cucumber.testng.PickleWrapper,io.cucumber.testng.FeatureWrapper)[pri:0, instance:runner.Runner@c94fd30]" started-at="2021-10-15T05:02:11 CDT" name="runScenario" description="Runs Cucumber Scenarios" data-provider="scenarios" finished-at="2021-10-15T05:02:21 CDT" duration-ms="9823" status="PASS">
          <params>
            <param index="0">
              <value>
                <![CDATA["Edit a Scale"]]>
              </value>
            </param>
            <param index="1">
              <value>
                <![CDATA["Optional[Add,Search,Edit,Export,Delete Scales]"]]>
              </value>
            </param>
          </params>
          <reporter-output>
          </reporter-output>
        </test-method> <!-- runScenario -->
        <test-method signature="runScenario(io.cucumber.testng.PickleWrapper,io.cucumber.testng.FeatureWrapper)[pri:0, instance:runner.Runner@c94fd30]" started-at="2021-10-15T05:02:21 CDT" name="runScenario" description="Runs Cucumber Scenarios" data-provider="scenarios" finished-at="2021-10-15T05:02:31 CDT" duration-ms="9864" status="PASS">
          <params>
            <param index="0">
              <value>
                <![CDATA["Export Scale recods"]]>
              </value>
            </param>
            <param index="1">
              <value>
                <![CDATA["Optional[Add,Search,Edit,Export,Delete Scales]"]]>
              </value>
            </param>
          </params>
          <reporter-output>
          </reporter-output>
        </test-method> <!-- runScenario -->
        <test-method signature="runScenario(io.cucumber.testng.PickleWrapper,io.cucumber.testng.FeatureWrapper)[pri:0, instance:runner.Runner@c94fd30]" started-at="2021-10-15T05:02:31 CDT" name="runScenario" description="Runs Cucumber Scenarios" data-provider="scenarios" finished-at="2021-10-15T05:02:43 CDT" duration-ms="12052" status="PASS">
          <params>
            <param index="0">
              <value>
                <![CDATA["Delete Scale"]]>
              </value>
            </param>
            <param index="1">
              <value>
                <![CDATA["Optional[Add,Search,Edit,Export,Delete Scales]"]]>
              </value>
            </param>
          </params>
          <reporter-output>
          </reporter-output>
        </test-method> <!-- runScenario -->
        <test-method signature="runScenario(io.cucumber.testng.PickleWrapper,io.cucumber.testng.FeatureWrapper)[pri:0, instance:runner.Runner@c94fd30]" started-at="2021-10-15T05:02:43 CDT" name="runScenario" description="Runs Cucumber Scenarios" data-provider="scenarios" finished-at="2021-10-15T05:03:10 CDT" duration-ms="26749" status="PASS">
          <params>
            <param index="0">
              <value>
                <![CDATA["Import Carousels Data to create new Records"]]>
              </value>
            </param>
            <param index="1">
              <value>
                <![CDATA["Optional[Add,Search,Edit,Export,Delete Pages]"]]>
              </value>
            </param>
          </params>
          <reporter-output>
          </reporter-output>
        </test-method> <!-- runScenario -->
        <test-method signature="runScenario(io.cucumber.testng.PickleWrapper,io.cucumber.testng.FeatureWrapper)[pri:0, instance:runner.Runner@c94fd30]" started-at="2021-10-15T05:03:10 CDT" name="runScenario" description="Runs Cucumber Scenarios" data-provider="scenarios" finished-at="2021-10-15T05:03:35 CDT" duration-ms="25074" status="PASS">
          <params>
            <param index="0">
              <value>
                <![CDATA["Import Carousels Data to Update Matched Records"]]>
              </value>
            </param>
            <param index="1">
              <value>
                <![CDATA["Optional[Add,Search,Edit,Export,Delete Pages]"]]>
              </value>
            </param>
          </params>
          <reporter-output>
          </reporter-output>
        </test-method> <!-- runScenario -->
        <test-method signature="runScenario(io.cucumber.testng.PickleWrapper,io.cucumber.testng.FeatureWrapper)[pri:0, instance:runner.Runner@c94fd30]" started-at="2021-10-15T05:03:35 CDT" name="runScenario" description="Runs Cucumber Scenarios" data-provider="scenarios" finished-at="2021-10-15T05:04:19 CDT" duration-ms="44117" status="PASS">
          <params>
            <param index="0">
              <value>
                <![CDATA["Import Lookups Data to create new lookup Record"]]>
              </value>
            </param>
            <param index="1">
              <value>
                <![CDATA["Optional[Add,Search,Edit,Export,Delete Pages]"]]>
              </value>
            </param>
          </params>
          <reporter-output>
          </reporter-output>
        </test-method> <!-- runScenario -->
        <test-method signature="runScenario(io.cucumber.testng.PickleWrapper,io.cucumber.testng.FeatureWrapper)[pri:0, instance:runner.Runner@c94fd30]" started-at="2021-10-15T05:04:19 CDT" name="runScenario" description="Runs Cucumber Scenarios" data-provider="scenarios" finished-at="2021-10-15T05:05:27 CDT" duration-ms="67869" status="PASS">
          <params>
            <param index="0">
              <value>
                <![CDATA["Import Lookups Data to update existing lookup Record"]]>
              </value>
            </param>
            <param index="1">
              <value>
                <![CDATA["Optional[Add,Search,Edit,Export,Delete Pages]"]]>
              </value>
            </param>
          </params>
          <reporter-output>
          </reporter-output>
        </test-method> <!-- runScenario -->
        <test-method signature="runScenario(io.cucumber.testng.PickleWrapper,io.cucumber.testng.FeatureWrapper)[pri:0, instance:runner.Runner@c94fd30]" started-at="2021-10-15T05:05:27 CDT" name="runScenario" description="Runs Cucumber Scenarios" data-provider="scenarios" finished-at="2021-10-15T05:05:46 CDT" duration-ms="18763" status="PASS">
          <params>
            <param index="0">
              <value>
                <![CDATA["Add  Flex Fields for testing Attributes section"]]>
              </value>
            </param>
            <param index="1">
              <value>
                <![CDATA["Optional[Add,Search,Edit,Delete Attributes]"]]>
              </value>
            </param>
          </params>
          <reporter-output>
          </reporter-output>
        </test-method> <!-- runScenario -->
        <test-method signature="runScenario(io.cucumber.testng.PickleWrapper,io.cucumber.testng.FeatureWrapper)[pri:0, instance:runner.Runner@c94fd30]" started-at="2021-10-15T05:05:46 CDT" name="runScenario" description="Runs Cucumber Scenarios" data-provider="scenarios" finished-at="2021-10-15T05:05:56 CDT" duration-ms="10518" status="PASS">
          <params>
            <param index="0">
              <value>
                <![CDATA["Add a Attribute"]]>
              </value>
            </param>
            <param index="1">
              <value>
                <![CDATA["Optional[Add,Search,Edit,Delete Attributes]"]]>
              </value>
            </param>
          </params>
          <reporter-output>
          </reporter-output>
        </test-method> <!-- runScenario -->
        <test-method signature="runScenario(io.cucumber.testng.PickleWrapper,io.cucumber.testng.FeatureWrapper)[pri:0, instance:runner.Runner@c94fd30]" started-at="2021-10-15T05:05:56 CDT" name="runScenario" description="Runs Cucumber Scenarios" data-provider="scenarios" finished-at="2021-10-15T05:06:08 CDT" duration-ms="12081" status="PASS">
          <params>
            <param index="0">
              <value>
                <![CDATA["Search a Attribute"]]>
              </value>
            </param>
            <param index="1">
              <value>
                <![CDATA["Optional[Add,Search,Edit,Delete Attributes]"]]>
              </value>
            </param>
          </params>
          <reporter-output>
          </reporter-output>
        </test-method> <!-- runScenario -->
        <test-method signature="runScenario(io.cucumber.testng.PickleWrapper,io.cucumber.testng.FeatureWrapper)[pri:0, instance:runner.Runner@c94fd30]" started-at="2021-10-15T05:06:08 CDT" name="runScenario" description="Runs Cucumber Scenarios" data-provider="scenarios" finished-at="2021-10-15T05:06:18 CDT" duration-ms="9856" status="PASS">
          <params>
            <param index="0">
              <value>
                <![CDATA["Edit a Attribute"]]>
              </value>
            </param>
            <param index="1">
              <value>
                <![CDATA["Optional[Add,Search,Edit,Delete Attributes]"]]>
              </value>
            </param>
          </params>
          <reporter-output>
          </reporter-output>
        </test-method> <!-- runScenario -->
        <test-method signature="runScenario(io.cucumber.testng.PickleWrapper,io.cucumber.testng.FeatureWrapper)[pri:0, instance:runner.Runner@c94fd30]" started-at="2021-10-15T05:06:18 CDT" name="runScenario" description="Runs Cucumber Scenarios" data-provider="scenarios" finished-at="2021-10-15T05:06:28 CDT" duration-ms="9487" status="PASS">
          <params>
            <param index="0">
              <value>
                <![CDATA["Delete Attribute"]]>
              </value>
            </param>
            <param index="1">
              <value>
                <![CDATA["Optional[Add,Search,Edit,Delete Attributes]"]]>
              </value>
            </param>
          </params>
          <reporter-output>
          </reporter-output>
        </test-method> <!-- runScenario -->
        <test-method signature="runScenario(io.cucumber.testng.PickleWrapper,io.cucumber.testng.FeatureWrapper)[pri:0, instance:runner.Runner@c94fd30]" started-at="2021-10-15T05:06:28 CDT" name="runScenario" description="Runs Cucumber Scenarios" data-provider="scenarios" finished-at="2021-10-15T05:06:38 CDT" duration-ms="9984" status="PASS">
          <params>
            <param index="0">
              <value>
                <![CDATA["Delete Flex Fields created for testing Attributes section"]]>
              </value>
            </param>
            <param index="1">
              <value>
                <![CDATA["Optional[Add,Search,Edit,Delete Attributes]"]]>
              </value>
            </param>
          </params>
          <reporter-output>
          </reporter-output>
        </test-method> <!-- runScenario -->
        <test-method signature="runScenario(io.cucumber.testng.PickleWrapper,io.cucumber.testng.FeatureWrapper)[pri:0, instance:runner.Runner@c94fd30]" started-at="2021-10-15T05:06:38 CDT" name="runScenario" description="Runs Cucumber Scenarios" data-provider="scenarios" finished-at="2021-10-15T05:06:48 CDT" duration-ms="10385" status="PASS">
          <params>
            <param index="0">
              <value>
                <![CDATA["Add a Field"]]>
              </value>
            </param>
            <param index="1">
              <value>
                <![CDATA["Optional[Add,Search,Edit,Export,Delete Fields]"]]>
              </value>
            </param>
          </params>
          <reporter-output>
          </reporter-output>
        </test-method> <!-- runScenario -->
        <test-method signature="runScenario(io.cucumber.testng.PickleWrapper,io.cucumber.testng.FeatureWrapper)[pri:0, instance:runner.Runner@c94fd30]" started-at="2021-10-15T05:06:48 CDT" name="runScenario" description="Runs Cucumber Scenarios" data-provider="scenarios" finished-at="2021-10-15T05:06:56 CDT" duration-ms="8223" status="PASS">
          <params>
            <param index="0">
              <value>
                <![CDATA["Search a Field"]]>
              </value>
            </param>
            <param index="1">
              <value>
                <![CDATA["Optional[Add,Search,Edit,Export,Delete Fields]"]]>
              </value>
            </param>
          </params>
          <reporter-output>
          </reporter-output>
        </test-method> <!-- runScenario -->
        <test-method signature="runScenario(io.cucumber.testng.PickleWrapper,io.cucumber.testng.FeatureWrapper)[pri:0, instance:runner.Runner@c94fd30]" started-at="2021-10-15T05:06:56 CDT" name="runScenario" description="Runs Cucumber Scenarios" data-provider="scenarios" finished-at="2021-10-15T05:07:15 CDT" duration-ms="18768" status="PASS">
          <params>
            <param index="0">
              <value>
                <![CDATA["Edit a Field"]]>
              </value>
            </param>
            <param index="1">
              <value>
                <![CDATA["Optional[Add,Search,Edit,Export,Delete Fields]"]]>
              </value>
            </param>
          </params>
          <reporter-output>
          </reporter-output>
        </test-method> <!-- runScenario -->
        <test-method signature="runScenario(io.cucumber.testng.PickleWrapper,io.cucumber.testng.FeatureWrapper)[pri:0, instance:runner.Runner@c94fd30]" started-at="2021-10-15T05:07:15 CDT" name="runScenario" description="Runs Cucumber Scenarios" data-provider="scenarios" finished-at="2021-10-15T05:07:31 CDT" duration-ms="16526" status="PASS">
          <params>
            <param index="0">
              <value>
                <![CDATA["Assign  a specific responsibility to a Field"]]>
              </value>
            </param>
            <param index="1">
              <value>
                <![CDATA["Optional[Add,Search,Edit,Export,Delete Fields]"]]>
              </value>
            </param>
          </params>
          <reporter-output>
          </reporter-output>
        </test-method> <!-- runScenario -->
        <test-method signature="runScenario(io.cucumber.testng.PickleWrapper,io.cucumber.testng.FeatureWrapper)[pri:0, instance:runner.Runner@c94fd30]" started-at="2021-10-15T05:07:31 CDT" name="runScenario" description="Runs Cucumber Scenarios" data-provider="scenarios" finished-at="2021-10-15T05:08:49 CDT" duration-ms="78004" status="PASS">
          <params>
            <param index="0">
              <value>
                <![CDATA["Assign  all responsibilities to a Field"]]>
              </value>
            </param>
            <param index="1">
              <value>
                <![CDATA["Optional[Add,Search,Edit,Export,Delete Fields]"]]>
              </value>
            </param>
          </params>
          <reporter-output>
          </reporter-output>
        </test-method> <!-- runScenario -->
        <test-method signature="runScenario(io.cucumber.testng.PickleWrapper,io.cucumber.testng.FeatureWrapper)[pri:0, instance:runner.Runner@c94fd30]" started-at="2021-10-15T05:08:49 CDT" name="runScenario" description="Runs Cucumber Scenarios" data-provider="scenarios" finished-at="2021-10-15T05:20:03 CDT" duration-ms="673689" status="FAIL">
          <params>
            <param index="0">
              <value>
                <![CDATA["Export Field recods"]]>
              </value>
            </param>
            <param index="1">
              <value>
                <![CDATA["Optional[Add,Search,Edit,Export,Delete Fields]"]]>
              </value>
            </param>
          </params>
          <exception class="java.lang.AssertionError">
            <message>
              <![CDATA[expected [false] but found [true]]]>
            </message>
            <full-stacktrace>
              <![CDATA[java.lang.AssertionError: expected [false] but found [true]
at org.testng.Assert.fail(Assert.java:99)
[...]
at java.base/jdk.internal.reflect.DelegatingConstructorAccessorImpl.newInstance(DelegatingConstructorAccessorImpl.java:45)
at java.base/java.lang.reflect.Constructor.newInstanceWithCaller(Constructor.java:499)
at java.base/java.lang.reflect.Constructor.newInstance(Constructor.java:480)
at org.openqa.selenium.remote.codec.w3c.W3CHttpResponseCodec.createException(W3CHttpResponseCodec.java:191)
at org.openqa.selenium.remote.codec.w3c.W3CHttpResponseCodec.decode(W3CHttpResponseCodec.java:125)
at org.openqa.selenium.remote.codec.w3c.W3CHttpResponseCodec.decode(W3CHttpResponseCodec.java:52)
at org.openqa.selenium.remote.HttpCommandExecutor.execute(HttpCommandExecutor.java:161)
at org.openqa.selenium.remote.service.DriverCommandExecutor.execute(DriverCommandExecutor.java:83)
at org.openqa.selenium.remote.RemoteWebDriver.execute(RemoteWebDriver.java:576)
at org.openqa.selenium.remote.RemoteWebDriver.findElement(RemoteWebDriver.java:327)
at org.openqa.selenium.remote.RemoteWebDriver.findElementByXPath(RemoteWebDriver.java:445)
at org.openqa.selenium.By$ByXPath.findElement(By.java:396)
at org.openqa.selenium.remote.RemoteWebDriver.findElement(RemoteWebDriver.java:319)
at stepDefinitions.setup.ManageNamespaces.namespaceWithClass_nameShouldBeDisplayedInSearchResults(ManageNamespaces.java:89)
at ?.Namespace with Class_name[0] should be displayed in search results(file:///C:/Users/jumpboxadmin/git/Connect-Automation/Connect_Automation/src/test/resources/features/setup/ManageNamespaces.feature:29)
]]>
            </full-stacktrace>
          </exception> <!-- org.openqa.selenium.NoSuchElementException -->
          <reporter-output>
          </reporter-output>
        </test-method> <!-- runScenario -->
        <test-method signature="runScenario(io.cucumber.testng.PickleWrapper,io.cucumber.testng.FeatureWrapper)[pri:0, instance:runner.Runner@c94fd30]" started-at="2021-10-15T05:25:36 CDT" name="runScenario" description="Runs Cucumber Scenarios" data-provider="scenarios" finished-at="2021-10-15T05:26:10 CDT" duration-ms="34433" status="FAIL">
          <params>
            <param index="0">
              <value>
                <![CDATA["Edit a Namespace"]]>
              </value>
            </param>
            <param index="1">
              <value>
                <![CDATA["Optional[Add,Search,Edit,Export,Delete Namespaces]"]]>
              </value>
            </param>
          </params>
          <exception class="org.openqa.selenium.NoSuchElementException">
            <message>
              <![CDATA[no such element: Unable to locate element: {"method":"xpath","selector":"//*[@id='unique_id']/tbody/tr[2]/td[3]"}
  (Session info: chrome=94.0.4606.81)
For documentation on this error, please visit: https://www.seleniumhq.org/exceptions/no_such_element.html
Build info: version: '4.0.0-alpha-3', revision: '8c567de6dc'
System info: host: 'JUMPBOX-WIN2016', ip: '10.228.0.127', os.name: 'Windows Server 2016', os.arch: 'amd64', os.version: '10.0', java.version: '16.0.2'
Driver info: org.openqa.selenium.chrome.ChromeDriver
Capabilities {acceptInsecureCerts: false, browserName: chrome, browserVersion: 94.0.4606.81, chrome: {chromedriverVersion: 94.0.4606.61 (418b78f5838ed..., userDataDir: C:\Users\JUMPBO~1\AppData\L...}, goog:chromeOptions: {debuggerAddress: localhost:63799}, javascriptEnabled: true, networkConnectionEnabled: false, pageLoadStrategy: normal, platform: WINDOWS, platformName: WINDOWS, proxy: Proxy(), setWindowRect: true, strictFileInteractability: false, timeouts: {implicit: 0, pageLoad: 300000, script: 30000}, unhandledPromptBehavior: dismiss and notify, webauthn:extension:credBlob: true, webauthn:extension:largeBlob: true, webauthn:virtualAuthenticators: true}
Session ID: 7ea640fbcc93419b518dbeae2d67470f
*** Element info: {Using=xpath, value=//*[@id='unique_id']/tbody/tr[2]/td[3]}]]>
            </message>
            <full-stacktrace>
              <![CDATA[org.openqa.selenium.NoSuchElementException: no such element: Unable to locate element: {"method":"xpath","selector":"//*[@id='unique_id']/tbody/tr[2]/td[3]"}
  (Session info: chrome=94.0.4606.81)
For documentation on this error, please visit: https://www.seleniumhq.org/exceptions/no_such_element.html
Build info: version: '4.0.0-alpha-3', revision: '8c567de6dc'
System info: host: 'JUMPBOX-WIN2016', ip: '10.228.0.127', os.name: 'Windows Server 2016', os.arch: 'amd64', os.version: '10.0', java.version: '16.0.2'
Driver info: org.openqa.selenium.chrome.ChromeDriver
Capabilities {acceptInsecureCerts: false, browserName: chrome, browserVersion: 94.0.4606.81, chrome: {chromedriverVersion: 94.0.4606.61 (418b78f5838ed..., userDataDir: C:\Users\JUMPBO~1\AppData\L...}, goog:chromeOptions: {debuggerAddress: localhost:63799}, javascriptEnabled: true, networkConnectionEnabled: false, pageLoadStrategy: normal, platform: WINDOWS, platformName: WINDOWS, proxy: Proxy(), setWindowRect: true, strictFileInteractability: false, timeouts: {implicit: 0, pageLoad: 300000, script: 30000}, unhandledPromptBehavior: dismiss and notify, webauthn:extension:credBlob: true, webauthn:extension:largeBlob: true, webauthn:virtualAuthenticators: true}
Session ID: 7ea640fbcc93419b518dbeae2d67470f
*** Element info: {Using=xpath, value=//*[@id='unique_id']/tbody/tr[2]/td[3]}
at java.base/jdk.internal.reflect.NativeConstructorAccessorImpl.newInstance0(Native Method)
at java.base/jdk.internal.reflect.NativeConstructorAccessorImpl.newInstance(NativeConstructorAccessorImpl.java:78)
at java.base/jdk.internal.reflect.DelegatingConstructorAccessorImpl.newInstance(DelegatingConstructorAccessorImpl.java:45)
at java.base/java.lang.reflect.Constructor.newInstanceWithCaller(Constructor.java:499)
at java.base/java.lang.reflect.Constructor.newInstance(Constructor.java:480)
at org.openqa.selenium.remote.codec.w3c.W3CHttpResponseCodec.createException(W3CHttpResponseCodec.java:191)
at org.openqa.selenium.remote.codec.w3c.W3CHttpResponseCodec.decode(W3CHttpResponseCodec.java:125)
at org.openqa.selenium.remote.codec.w3c.W3CHttpResponseCodec.decode(W3CHttpResponseCodec.java:52)
at org.openqa.selenium.remote.HttpCommandExecutor.execute(HttpCommandExecutor.java:161)
at org.openqa.selenium.remote.service.DriverCommandExecutor.execute(DriverCommandExecutor.java:83)
at org.openqa.selenium.remote.RemoteWebDriver.execute(RemoteWebDriver.java:576)
at org.openqa.selenium.remote.RemoteWebDriver.findElement(RemoteWebDriver.java:327)
at org.openqa.selenium.remote.RemoteWebDriver.findElementByXPath(RemoteWebDriver.java:445)
at org.openqa.selenium.By$ByXPath.findElement(By.java:396)
at org.openqa.selenium.remote.RemoteWebDriver.findElement(RemoteWebDriver.java:319)
at org.openqa.selenium.support.pagefactory.DefaultElementLocator.findElement(DefaultElementLocator.java:70)
at org.openqa.selenium.support.pagefactory.internal.LocatingElementHandler.invoke(LocatingElementHandler.java:39)
at jdk.proxy2/jdk.proxy2.$Proxy28.getText(Unknown Source)
at stepDefinitions.setup.ManageNamespaces.namespaceWithNamespace_nameShouldBeDisplayedInSearchResults(ManageNamespaces.java:76)
at ?.Namespace with Namespace_name[0] should be displayed in search results(file:///C:/Users/jumpboxadmin/git/Connect-Automation/Connect_Automation/src/test/resources/features/setup/ManageNamespaces.feature:35)
]]>
            </full-stacktrace>
          </exception> <!-- org.openqa.selenium.NoSuchElementException -->
          <reporter-output>
          </reporter-output>
        </test-method> <!-- runScenario -->
        <test-method signature="runScenario(io.cucumber.testng.PickleWrapper,io.cucumber.testng.FeatureWrapper)[pri:0, instance:runner.Runner@c94fd30]" started-at="2021-10-15T05:26:10 CDT" name="runScenario" description="Runs Cucumber Scenarios" data-provider="scenarios" finished-at="2021-10-15T05:26:44 CDT" duration-ms="34314" status="FAIL">
          <params>
            <param index="0">
              <value>
                <![CDATA["Delete Namespace"]]>
              </value>
            </param>
            <param index="1">
              <value>
                <![CDATA["Optional[Add,Search,Edit,Export,Delete Namespaces]"]]>
              </value>
            </param>
          </params>
          <exception class="org.openqa.selenium.NoSuchElementException">
            <message>
              <![CDATA[no such element: Unable to locate element: {"method":"xpath","selector":"//*[@id='unique_id']/tbody/tr[2]/td[3]"}
  (Session info: chrome=94.0.4606.81)
For documentation on this error, please visit: https://www.seleniumhq.org/exceptions/no_such_element.html
Build info: version: '4.0.0-alpha-3', revision: '8c567de6dc'
System info: host: 'JUMPBOX-WIN2016', ip: '10.228.0.127', os.name: 'Windows Server 2016', os.arch: 'amd64', os.version: '10.0', java.version: '16.0.2'
Driver info: org.openqa.selenium.chrome.ChromeDriver
Capabilities {acceptInsecureCerts: false, browserName: chrome, browserVersion: 94.0.4606.81, chrome: {chromedriverVersion: 94.0.4606.61 (418b78f5838ed..., userDataDir: C:\Users\JUMPBO~1\AppData\L...}, goog:chromeOptions: {debuggerAddress: localhost:64984}, javascriptEnabled: true, networkConnectionEnabled: false, pageLoadStrategy: normal, platform: WINDOWS, platformName: WINDOWS, proxy: Proxy(), setWindowRect: true, strictFileInteractability: false, timeouts: {implicit: 0, pageLoad: 300000, script: 30000}, unhandledPromptBehavior: dismiss and notify, webauthn:extension:credBlob: true, webauthn:extension:largeBlob: true, webauthn:virtualAuthenticators: true}
Session ID: 276cfb73efcff6a63653ec485a0239b3
*** Element info: {Using=xpath, value=//*[@id='unique_id']/tbody/tr[2]/td[3]}]]>
            </message>
            <full-stacktrace>
              <![CDATA[org.openqa.selenium.NoSuchElementException: no such element: Unable to locate element: {"method":"xpath","selector":"//*[@id='unique_id']/tbody/tr[2]/td[3]"}
  (Session info: chrome=94.0.4606.81)
For documentation on this error, please visit: https://www.seleniumhq.org/exceptions/no_such_element.html
Build info: version: '4.0.0-alpha-3', revision: '8c567de6dc'
System info: host: 'JUMPBOX-WIN2016', ip: '10.228.0.127', os.name: 'Windows Server 2016', os.arch: 'amd64', os.version: '10.0', java.version: '16.0.2'
Driver info: org.openqa.selenium.chrome.ChromeDriver
Capabilities {acceptInsecureCerts: false, browserName: chrome, browserVersion: 94.0.4606.81, chrome: {chromedriverVersion: 94.0.4606.61 (418b78f5838ed..., userDataDir: C:\Users\JUMPBO~1\AppData\L...}, goog:chromeOptions: {debuggerAddress: localhost:64984}, javascriptEnabled: true, networkConnectionEnabled: false, pageLoadStrategy: normal, platform: WINDOWS, platformName: WINDOWS, proxy: Proxy(), setWindowRect: true, strictFileInteractability: false, timeouts: {implicit: 0, pageLoad: 300000, script: 30000}, unhandledPromptBehavior: dismiss and notify, webauthn:extension:credBlob: true, webauthn:extension:largeBlob: true, webauthn:virtualAuthenticators: true}
Session ID: 276cfb73efcff6a63653ec485a0239b3
*** Element info: {Using=xpath, value=//*[@id='unique_id']/tbody/tr[2]/td[3]}
at java.base/jdk.internal.reflect.NativeConstructorAccessorImpl.newInstance0(Native Method)
at java.base/jdk.internal.reflect.NativeConstructorAccessorImpl.newInstance(NativeConstructorAccessorImpl.java:78)
at java.base/jdk.internal.reflect.DelegatingConstructorAccessorImpl.newInstance(DelegatingConstructorAccessorImpl.java:45)
at java.base/java.lang.reflect.Constructor.newInstanceWithCaller(Constructor.java:499)
at java.base/java.lang.reflect.Constructor.newInstance(Constructor.java:480)
at org.openqa.selenium.remote.codec.w3c.W3CHttpResponseCodec.createException(W3CHttpResponseCodec.java:191)
at org.openqa.selenium.remote.codec.w3c.W3CHttpResponseCodec.decode(W3CHttpResponseCodec.java:125)
at org.openqa.selenium.remote.codec.w3c.W3CHttpResponseCodec.decode(W3CHttpResponseCodec.java:52)
at org.openqa.selenium.remote.HttpCommandExecutor.execute(HttpCommandExecutor.java:161)
at org.openqa.selenium.remote.service.DriverCommandExecutor.execute(DriverCommandExecutor.java:83)
at org.openqa.selenium.remote.RemoteWebDriver.execute(RemoteWebDriver.java:576)
at org.openqa.selenium.remote.RemoteWebDriver.findElement(RemoteWebDriver.java:327)
at org.openqa.selenium.remote.RemoteWebDriver.findElementByXPath(RemoteWebDriver.java:445)
at org.openqa.selenium.By$ByXPath.findElement(By.java:396)
at org.openqa.selenium.remote.RemoteWebDriver.findElement(RemoteWebDriver.java:319)
at org.openqa.selenium.support.pagefactory.DefaultElementLocator.findElement(DefaultElementLocator.java:70)
at org.openqa.selenium.support.pagefactory.internal.LocatingElementHandler.invoke(LocatingElementHandler.java:39)
at jdk.proxy2/jdk.proxy2.$Proxy28.getText(Unknown Source)
at stepDefinitions.setup.ManageNamespaces.namespaceWithNamespace_nameShouldBeDisplayedInSearchResults(ManageNamespaces.java:76)
at ?.Namespace with Namespace_name[1] should be displayed in search results(file:///C:/Users/jumpboxadmin/git/Connect-Automation/Connect_Automation/src/test/resources/features/setup/ManageNamespaces.feature:47)
]]>
            </full-stacktrace>
          </exception> <!-- org.openqa.selenium.NoSuchElementException -->
          <reporter-output>
          </reporter-output>
        </test-method> <!-- runScenario -->
        <test-method signature="runScenario(io.cucumber.testng.PickleWrapper,io.cucumber.testng.FeatureWrapper)[pri:0, instance:runner.Runner@c94fd30]" started-at="2021-10-15T05:26:44 CDT" name="runScenario" description="Runs Cucumber Scenarios" data-provider="scenarios" finished-at="2021-10-15T05:26:51 CDT" duration-ms="6882" status="PASS">
          <params>
            <param index="0">
              <value>
                <![CDATA["Add a Page"]]>
              </value>
            </param>
            <param index="1">
              <value>
                <![CDATA["Optional[Add,Search,Edit,Export,Delete Pages]"]]>
              </value>
            </param>
          </params>
          <reporter-output>
          </reporter-output>
        </test-method> <!-- runScenario -->
        <test-method signature="runScenario(io.cucumber.testng.PickleWrapper,io.cucumber.testng.FeatureWrapper)[pri:0, instance:runner.Runner@c94fd30]" started-at="2021-10-15T05:26:51 CDT" name="runScenario" description="Runs Cucumber Scenarios" data-provider="scenarios" finished-at="2021-10-15T05:26:58 CDT" duration-ms="6307" status="PASS">
          <params>
            <param index="0">
              <value>
                <![CDATA["Search a Page"]]>
              </value>
            </param>
            <param index="1">
              <value>
                <![CDATA["Optional[Add,Search,Edit,Export,Delete Pages]"]]>
              </value>
            </param>
          </params>
          <reporter-output>
          </reporter-output>
        </test-method> <!-- runScenario -->
        <test-method signature="runScenario(io.cucumber.testng.PickleWrapper,io.cucumber.testng.FeatureWrapper)[pri:0, instance:runner.Runner@c94fd30]" started-at="2021-10-15T05:26:58 CDT" name="runScenario" description="Runs Cucumber Scenarios" data-provider="scenarios" finished-at="2021-10-15T05:27:05 CDT" duration-ms="7781" status="PASS">
          <params>
            <param index="0">
              <value>
                <![CDATA["Edit a Page"]]>
              </value>
            </param>
            <param index="1">
              <value>
                <![CDATA["Optional[Add,Search,Edit,Export,Delete Pages]"]]>
              </value>
            </param>
          </params>
          <reporter-output>
          </reporter-output>
        </test-method> <!-- runScenario -->
        <test-method signature="runScenario(io.cucumber.testng.PickleWrapper,io.cucumber.testng.FeatureWrapper)[pri:0, instance:runner.Runner@c94fd30]" started-at="2021-10-15T05:27:05 CDT" name="runScenario" description="Runs Cucumber Scenarios" data-provider="scenarios" finished-at="2021-10-15T05:27:13 CDT" duration-ms="7438" status="PASS">
          <params>
            <param index="0">
              <value>
                <![CDATA["Assign  a specific responsibility to a Page"]]>
              </value>
            </param>
            <param index="1">
              <value>
                <![CDATA["Optional[Add,Search,Edit,Export,Delete Pages]"]]>
              </value>
            </param>
          </params>
          <reporter-output>
          </reporter-output>
        </test-method> <!-- runScenario -->
        <test-method signature="runScenario(io.cucumber.testng.PickleWrapper,io.cucumber.testng.FeatureWrapper)[pri:0, instance:runner.Runner@c94fd30]" started-at="2021-10-15T05:27:13 CDT" name="runScenario" description="Runs Cucumber Scenarios" data-provider="scenarios" finished-at="2021-10-15T05:27:21 CDT" duration-ms="8131" status="PASS">
          <params>
            <param index="0">
              <value>
                <![CDATA["Assign  a specific Namespace to a Page"]]>
              </value>
            </param>
            <param index="1">
              <value>
                <![CDATA["Optional[Add,Search,Edit,Export,Delete Pages]"]]>
              </value>
            </param>
          </params>
          <reporter-output>
          </reporter-output>
        </test-method> <!-- runScenario -->
        <test-method signature="runScenario(io.cucumber.testng.PickleWrapper,io.cucumber.testng.FeatureWrapper)[pri:0, instance:runner.Runner@c94fd30]" started-at="2021-10-15T05:27:21 CDT" name="runScenario" description="Runs Cucumber Scenarios" data-provider="scenarios" finished-at="2021-10-15T05:27:30 CDT" duration-ms="9195" status="PASS">
          <params>
            <param index="0">
              <value>
                <![CDATA["Export Page recods"]]>
              </value>
            </param>
            <param index="1">
              <value>
                <![CDATA["Optional[Add,Search,Edit,Export,Delete Pages]"]]>
              </value>
            </param>
          </params>
          <reporter-output>
          </reporter-output>
        </test-method> <!-- runScenario -->
        <test-method signature="runScenario(io.cucumber.testng.PickleWrapper,io.cucumber.testng.FeatureWrapper)[pri:0, instance:runner.Runner@c94fd30]" started-at="2021-10-15T05:27:30 CDT" name="runScenario" description="Runs Cucumber Scenarios" data-provider="scenarios" finished-at="2021-10-15T05:27:37 CDT" duration-ms="7255" status="PASS">
          <params>
            <param index="0">
              <value>
                <![CDATA["Delete Page"]]>
              </value>
            </param>
            <param index="1">
              <value>
                <![CDATA["Optional[Add,Search,Edit,Export,Delete Pages]"]]>
              </value>
            </param>
          </params>
          <reporter-output>
          </reporter-output>
        </test-method> <!-- runScenario -->
        <test-method is-config="true" signature="tearDownClass()[pri:0, instance:runner.Runner@c94fd30]" started-at="2021-10-15T05:27:37 CDT" name="tearDownClass" finished-at="2021-10-15T05:27:41 CDT" duration-ms="3888" status="PASS">
          <reporter-output>
          </reporter-output>
        </test-method> <!-- tearDownClass -->
        <test-method is-config="true" signature="clearDBBeforeTest()[pri:0, instance:runner.Runner@c94fd30]" started-at="2021-10-15T05:27:42 CDT" name="clearDBBeforeTest" finished-at="2021-10-15T05:27:42 CDT" duration-ms="71" status="PASS">
          <reporter-output>
          </reporter-output>
        </test-method> <!-- clearDBBeforeTest -->
      </class> <!-- runner.Runner -->
    </test> <!-- Default test -->
  </suite> <!-- Default suite -->
</testng-results>
